[ 2018-01-14T23:47:33+08:00 ] 120.204.17.68 /shuidian/index.php/Home/Index/detail/id/2018011421001004510250421907
INFO: [ app_init ] --START--
INFO: Run Behavior\BuildLiteBehavior [ RunTime:0.000000s ]
INFO: [ app_init ] --END-- [ RunTime:0.000000s ]
INFO: [ app_begin ] --START--
INFO: Run Behavior\ReadHtmlCacheBehavior [ RunTime:0.000977s ]
INFO: [ app_begin ] --END-- [ RunTime:0.000977s ]
NOTIC: [2048] Declaration of Home\Controller\IndexController::success() should be compatible with Think\Controller::success($message = '', $jumpUrl = '', $ajax = false) C:\wamp\www\shuidian\Application\Home\Controller\IndexController.class.php 第 468 行.
SQL: SELECT   column_name,   data_type,   column_default,   is_nullable
        FROM    information_schema.tables AS t
        JOIN    information_schema.columns AS c
        ON  t.table_catalog = c.table_catalog
        AND t.table_schema  = c.table_schema
        AND t.table_name    = c.table_name
        WHERE   t.table_name = 'dbo.gdjlk' [ RunTime:0.0010s ]
SQL: SELECT T1.* FROM (SELECT thinkphp.*, ROW_NUMBER() OVER ( ORDER BY rand()) AS ROW_NUMBER FROM (SELECT  * FROM dbo.gdjlk WHERE [ddbh] = '2018011421001004510250421907' AND [yhdh] = null ) AS thinkphp) AS T1  [ RunTime:0.0000s ]
INFO: [ view_parse ] --START--
INFO: [ template_filter ] --START--
INFO: Run Behavior\ContentReplaceBehavior [ RunTime:0.000000s ]
INFO: [ template_filter ] --END-- [ RunTime:0.000000s ]
INFO: Run Behavior\ParseTemplateBehavior [ RunTime:0.009766s ]
INFO: [ view_parse ] --END-- [ RunTime:0.009766s ]
INFO: [ view_filter ] --START--
INFO: Run Behavior\WriteHtmlCacheBehavior [ RunTime:0.000976s ]
INFO: [ view_filter ] --END-- [ RunTime:0.000976s ]
INFO: [ app_end ] --START--
INFO: Run Behavior\ShowPageTraceBehavior [ RunTime:0.000977s ]
INFO: [ app_end ] --END-- [ RunTime:0.000977s ]

[ 2018-01-14T23:47:39+08:00 ] 120.204.17.71 /shuidian/index.php/Home/Index/detail/id/2018011421001004600287887776
INFO: [ app_init ] --START--
INFO: Run Behavior\BuildLiteBehavior [ RunTime:0.000000s ]
INFO: [ app_init ] --END-- [ RunTime:0.000977s ]
INFO: [ app_begin ] --START--
INFO: Run Behavior\ReadHtmlCacheBehavior [ RunTime:0.000000s ]
INFO: [ app_begin ] --END-- [ RunTime:0.000000s ]
NOTIC: [2048] Declaration of Home\Controller\IndexController::success() should be compatible with Think\Controller::success($message = '', $jumpUrl = '', $ajax = false) C:\wamp\www\shuidian\Application\Home\Controller\IndexController.class.php 第 468 行.
SQL: SELECT   column_name,   data_type,   column_default,   is_nullable
        FROM    information_schema.tables AS t
        JOIN    information_schema.columns AS c
        ON  t.table_catalog = c.table_catalog
        AND t.table_schema  = c.table_schema
        AND t.table_name    = c.table_name
        WHERE   t.table_name = 'dbo.gdjlk' [ RunTime:0.0010s ]
SQL: SELECT T1.* FROM (SELECT thinkphp.*, ROW_NUMBER() OVER ( ORDER BY rand()) AS ROW_NUMBER FROM (SELECT  * FROM dbo.gdjlk WHERE [ddbh] = '2018011421001004600287887776' AND [yhdh] = null ) AS thinkphp) AS T1  [ RunTime:0.0000s ]
INFO: [ view_parse ] --START--
INFO: [ template_filter ] --START--
INFO: Run Behavior\ContentReplaceBehavior [ RunTime:0.000000s ]
INFO: [ template_filter ] --END-- [ RunTime:0.000000s ]
INFO: Run Behavior\ParseTemplateBehavior [ RunTime:0.009766s ]
INFO: [ view_parse ] --END-- [ RunTime:0.009766s ]
INFO: [ view_filter ] --START--
INFO: Run Behavior\WriteHtmlCacheBehavior [ RunTime:0.000000s ]
INFO: [ view_filter ] --END-- [ RunTime:0.000000s ]
INFO: [ app_end ] --START--
INFO: Run Behavior\ShowPageTraceBehavior [ RunTime:0.000976s ]
INFO: [ app_end ] --END-- [ RunTime:0.000976s ]

[ 2018-01-14T23:47:42+08:00 ] 183.192.201.97 /shuidian/index.php/Home/Index/detail/id/2018011421001004510250421907
INFO: [ app_init ] --START--
INFO: Run Behavior\BuildLiteBehavior [ RunTime:0.000000s ]
INFO: [ app_init ] --END-- [ RunTime:0.000976s ]
INFO: [ app_begin ] --START--
INFO: Run Behavior\ReadHtmlCacheBehavior [ RunTime:0.000000s ]
INFO: [ app_begin ] --END-- [ RunTime:0.000000s ]
NOTIC: [2048] Declaration of Home\Controller\IndexController::success() should be compatible with Think\Controller::success($message = '', $jumpUrl = '', $ajax = false) C:\wamp\www\shuidian\Application\Home\Controller\IndexController.class.php 第 468 行.
SQL: SELECT   column_name,   data_type,   column_default,   is_nullable
        FROM    information_schema.tables AS t
        JOIN    information_schema.columns AS c
        ON  t.table_catalog = c.table_catalog
        AND t.table_schema  = c.table_schema
        AND t.table_name    = c.table_name
        WHERE   t.table_name = 'dbo.gdjlk' [ RunTime:0.0010s ]
SQL: SELECT T1.* FROM (SELECT thinkphp.*, ROW_NUMBER() OVER ( ORDER BY rand()) AS ROW_NUMBER FROM (SELECT  * FROM dbo.gdjlk WHERE [ddbh] = '2018011421001004510250421907' AND [yhdh] = null ) AS thinkphp) AS T1  [ RunTime:0.0000s ]
INFO: [ view_parse ] --START--
INFO: [ template_filter ] --START--
INFO: Run Behavior\ContentReplaceBehavior [ RunTime:0.000000s ]
INFO: [ template_filter ] --END-- [ RunTime:0.000000s ]
INFO: Run Behavior\ParseTemplateBehavior [ RunTime:0.009766s ]
INFO: [ view_parse ] --END-- [ RunTime:0.009766s ]
INFO: [ view_filter ] --START--
INFO: Run Behavior\WriteHtmlCacheBehavior [ RunTime:0.000977s ]
INFO: [ view_filter ] --END-- [ RunTime:0.000977s ]
INFO: [ app_end ] --START--
INFO: Run Behavior\ShowPageTraceBehavior [ RunTime:0.000977s ]
INFO: [ app_end ] --END-- [ RunTime:0.000977s ]

[ 2018-01-14T23:47:47+08:00 ] 120.204.17.71 /shuidian/index.php/Home/Index/detail/id/2018011421001004600288139009
INFO: [ app_init ] --START--
INFO: Run Behavior\BuildLiteBehavior [ RunTime:0.000000s ]
INFO: [ app_init ] --END-- [ RunTime:0.000976s ]
INFO: [ app_begin ] --START--
INFO: Run Behavior\ReadHtmlCacheBehavior [ RunTime:0.000977s ]
INFO: [ app_begin ] --END-- [ RunTime:0.000977s ]
NOTIC: [2048] Declaration of Home\Controller\IndexController::success() should be compatible with Think\Controller::success($message = '', $jumpUrl = '', $ajax = false) C:\wamp\www\shuidian\Application\Home\Controller\IndexController.class.php 第 468 行.
SQL: SELECT   column_name,   data_type,   column_default,   is_nullable
        FROM    information_schema.tables AS t
        JOIN    information_schema.columns AS c
        ON  t.table_catalog = c.table_catalog
        AND t.table_schema  = c.table_schema
        AND t.table_name    = c.table_name
        WHERE   t.table_name = 'dbo.gdjlk' [ RunTime:0.0010s ]
SQL: SELECT T1.* FROM (SELECT thinkphp.*, ROW_NUMBER() OVER ( ORDER BY rand()) AS ROW_NUMBER FROM (SELECT  * FROM dbo.gdjlk WHERE [ddbh] = '2018011421001004600288139009' AND [yhdh] = null ) AS thinkphp) AS T1  [ RunTime:0.0010s ]
INFO: [ view_parse ] --START--
INFO: [ template_filter ] --START--
INFO: Run Behavior\ContentReplaceBehavior [ RunTime:0.000000s ]
INFO: [ template_filter ] --END-- [ RunTime:0.000977s ]
INFO: Run Behavior\ParseTemplateBehavior [ RunTime:0.008789s ]
INFO: [ view_parse ] --END-- [ RunTime:0.008789s ]
INFO: [ view_filter ] --START--
INFO: Run Behavior\WriteHtmlCacheBehavior [ RunTime:0.000000s ]
INFO: [ view_filter ] --END-- [ RunTime:0.000977s ]
INFO: [ app_end ] --START--
INFO: Run Behavior\ShowPageTraceBehavior [ RunTime:0.000977s ]
INFO: [ app_end ] --END-- [ RunTime:0.000977s ]

[ 2018-01-14T23:47:48+08:00 ] 183.192.201.97 /shuidian/index.php/Home/Index/detail/id/2018011421001004600288234870
INFO: [ app_init ] --START--
INFO: Run Behavior\BuildLiteBehavior [ RunTime:0.000000s ]
INFO: [ app_init ] --END-- [ RunTime:0.000000s ]
INFO: [ app_begin ] --START--
INFO: Run Behavior\ReadHtmlCacheBehavior [ RunTime:0.000000s ]
INFO: [ app_begin ] --END-- [ RunTime:0.000000s ]
NOTIC: [2048] Declaration of Home\Controller\IndexController::success() should be compatible with Think\Controller::success($message = '', $jumpUrl = '', $ajax = false) C:\wamp\www\shuidian\Application\Home\Controller\IndexController.class.php 第 468 行.
SQL: SELECT   column_name,   data_type,   column_default,   is_nullable
        FROM    information_schema.tables AS t
        JOIN    information_schema.columns AS c
        ON  t.table_catalog = c.table_catalog
        AND t.table_schema  = c.table_schema
        AND t.table_name    = c.table_name
        WHERE   t.table_name = 'dbo.gdjlk' [ RunTime:0.0000s ]
SQL: SELECT T1.* FROM (SELECT thinkphp.*, ROW_NUMBER() OVER ( ORDER BY rand()) AS ROW_NUMBER FROM (SELECT  * FROM dbo.gdjlk WHERE [ddbh] = '2018011421001004600288234870' AND [yhdh] = null ) AS thinkphp) AS T1  [ RunTime:0.0000s ]
INFO: [ view_parse ] --START--
INFO: [ template_filter ] --START--
INFO: Run Behavior\ContentReplaceBehavior [ RunTime:0.000000s ]
INFO: [ template_filter ] --END-- [ RunTime:0.000000s ]
INFO: Run Behavior\ParseTemplateBehavior [ RunTime:0.009766s ]
INFO: [ view_parse ] --END-- [ RunTime:0.009766s ]
INFO: [ view_filter ] --START--
INFO: Run Behavior\WriteHtmlCacheBehavior [ RunTime:0.000000s ]
INFO: [ view_filter ] --END-- [ RunTime:0.000977s ]
INFO: [ app_end ] --START--
INFO: Run Behavior\ShowPageTraceBehavior [ RunTime:0.000000s ]
INFO: [ app_end ] --END-- [ RunTime:0.000000s ]

[ 2018-01-14T23:51:31+08:00 ] 106.36.218.86 /shuidian/index.php/Home/Index/login_id
INFO: [ app_init ] --START--
INFO: Run Behavior\BuildLiteBehavior [ RunTime:0.000000s ]
INFO: [ app_init ] --END-- [ RunTime:0.000000s ]
INFO: [ app_begin ] --START--
INFO: Run Behavior\ReadHtmlCacheBehavior [ RunTime:0.000977s ]
INFO: [ app_begin ] --END-- [ RunTime:0.000977s ]
NOTIC: [2048] Declaration of Home\Controller\IndexController::success() should be compatible with Think\Controller::success($message = '', $jumpUrl = '', $ajax = false) C:\wamp\www\shuidian\Application\Home\Controller\IndexController.class.php 第 468 行.
INFO: [ view_parse ] --START--
INFO: [ template_filter ] --START--
INFO: Run Behavior\ContentReplaceBehavior [ RunTime:0.000000s ]
INFO: [ template_filter ] --END-- [ RunTime:0.000976s ]
INFO: Run Behavior\ParseTemplateBehavior [ RunTime:0.005860s ]
INFO: [ view_parse ] --END-- [ RunTime:0.005860s ]
INFO: [ view_filter ] --START--
INFO: Run Behavior\WriteHtmlCacheBehavior [ RunTime:0.000000s ]
INFO: [ view_filter ] --END-- [ RunTime:0.000000s ]
INFO: [ app_end ] --START--
INFO: Run Behavior\ShowPageTraceBehavior [ RunTime:0.000976s ]
INFO: [ app_end ] --END-- [ RunTime:0.000976s ]

[ 2018-01-14T23:51:42+08:00 ] 106.36.218.86 /shuidian/index.php/Home/Index/login_denglu
INFO: [ app_init ] --START--
INFO: Run Behavior\BuildLiteBehavior [ RunTime:0.000000s ]
INFO: [ app_init ] --END-- [ RunTime:0.000000s ]
INFO: [ app_begin ] --START--
INFO: Run Behavior\ReadHtmlCacheBehavior [ RunTime:0.000000s ]
INFO: [ app_begin ] --END-- [ RunTime:0.000000s ]
NOTIC: [2048] Declaration of Home\Controller\IndexController::success() should be compatible with Think\Controller::success($message = '', $jumpUrl = '', $ajax = false) C:\wamp\www\shuidian\Application\Home\Controller\IndexController.class.php 第 468 行.
SQL: SELECT   column_name,   data_type,   column_default,   is_nullable
        FROM    information_schema.tables AS t
        JOIN    information_schema.columns AS c
        ON  t.table_catalog = c.table_catalog
        AND t.table_schema  = c.table_schema
        AND t.table_name    = c.table_name
        WHERE   t.table_name = 'dbo.maindbf' [ RunTime:0.0000s ]
SQL: SELECT T1.* FROM (SELECT thinkphp.*, ROW_NUMBER() OVER ( ORDER BY rand()) AS ROW_NUMBER FROM (SELECT  * FROM dbo.maindbf WHERE [yhdh] = '18291057063' AND [yhxm] = '曹晨剑' ) AS thinkphp) AS T1 WHERE (T1.ROW_NUMBER BETWEEN 1 AND 1) [ RunTime:0.0000s ]

[ 2018-01-14T23:51:42+08:00 ] 106.36.218.86 /shuidian/index.php/Home/Index/record
INFO: [ app_init ] --START--
INFO: Run Behavior\BuildLiteBehavior [ RunTime:0.000000s ]
INFO: [ app_init ] --END-- [ RunTime:0.000976s ]
INFO: [ app_begin ] --START--
INFO: Run Behavior\ReadHtmlCacheBehavior [ RunTime:0.000000s ]
INFO: [ app_begin ] --END-- [ RunTime:0.000977s ]
NOTIC: [2048] Declaration of Home\Controller\IndexController::success() should be compatible with Think\Controller::success($message = '', $jumpUrl = '', $ajax = false) C:\wamp\www\shuidian\Application\Home\Controller\IndexController.class.php 第 468 行.
SQL: SELECT   column_name,   data_type,   column_default,   is_nullable
        FROM    information_schema.tables AS t
        JOIN    information_schema.columns AS c
        ON  t.table_catalog = c.table_catalog
        AND t.table_schema  = c.table_schema
        AND t.table_name    = c.table_name
        WHERE   t.table_name = 'dbo.gdjlk' [ RunTime:0.0000s ]
SQL: SELECT T1.* FROM (SELECT thinkphp.*, ROW_NUMBER() OVER ( ORDER BY BCGDRQ desc) AS ROW_NUMBER FROM (SELECT  * FROM dbo.gdjlk WHERE [yhdh] = '18291057063' AND [yhdz] = '4-2-804' ) AS thinkphp) AS T1  [ RunTime:0.0010s ]
NOTIC: [2] Illegal string offset 'bcgdrq' C:\wamp\www\shuidian\Application\Home\Controller\IndexController.class.php 第 435 行.
NOTIC: [8] Uninitialized string offset: 0 C:\wamp\www\shuidian\Application\Home\Controller\IndexController.class.php 第 435 行.
NOTIC: [2] Illegal string offset 'bcgdrq' C:\wamp\www\shuidian\Application\Home\Controller\IndexController.class.php 第 435 行.
NOTIC: [8] Uninitialized string offset: 0 C:\wamp\www\shuidian\Application\Home\Controller\IndexController.class.php 第 435 行.
NOTIC: [2] Illegal string offset 'bcgdrq' C:\wamp\www\shuidian\Application\Home\Controller\IndexController.class.php 第 435 行.
NOTIC: [8] Uninitialized string offset: 0 C:\wamp\www\shuidian\Application\Home\Controller\IndexController.class.php 第 435 行.
NOTIC: [2] Illegal string offset 'bcgdrq' C:\wamp\www\shuidian\Application\Home\Controller\IndexController.class.php 第 435 行.
NOTIC: [8] Uninitialized string offset: 0 C:\wamp\www\shuidian\Application\Home\Controller\IndexController.class.php 第 435 行.
NOTIC: [2] Illegal string offset 'bcgdrq' C:\wamp\www\shuidian\Application\Home\Controller\IndexController.class.php 第 435 行.
NOTIC: [8] Uninitialized string offset: 0 C:\wamp\www\shuidian\Application\Home\Controller\IndexController.class.php 第 435 行.
NOTIC: [2] Illegal string offset 'bcgdrq' C:\wamp\www\shuidian\Application\Home\Controller\IndexController.class.php 第 435 行.
NOTIC: [8] Uninitialized string offset: 0 C:\wamp\www\shuidian\Application\Home\Controller\IndexController.class.php 第 435 行.
NOTIC: [2] Illegal string offset 'bcgdrq' C:\wamp\www\shuidian\Application\Home\Controller\IndexController.class.php 第 435 行.
NOTIC: [8] Uninitialized string offset: 0 C:\wamp\www\shuidian\Application\Home\Controller\IndexController.class.php 第 435 行.
NOTIC: [2] Illegal string offset 'bcgdrq' C:\wamp\www\shuidian\Application\Home\Controller\IndexController.class.php 第 435 行.
NOTIC: [8] Uninitialized string offset: 0 C:\wamp\www\shuidian\Application\Home\Controller\IndexController.class.php 第 435 行.
NOTIC: [2] Illegal string offset 'bcgdrq' C:\wamp\www\shuidian\Application\Home\Controller\IndexController.class.php 第 435 行.
NOTIC: [8] Uninitialized string offset: 0 C:\wamp\www\shuidian\Application\Home\Controller\IndexController.class.php 第 435 行.
NOTIC: [2] Illegal string offset 'bcgdrq' C:\wamp\www\shuidian\Application\Home\Controller\IndexController.class.php 第 435 行.
NOTIC: [8] Uninitialized string offset: 0 C:\wamp\www\shuidian\Application\Home\Controller\IndexController.class.php 第 435 行.
NOTIC: [2] Illegal string offset 'bcgdrq' C:\wamp\www\shuidian\Application\Home\Controller\IndexController.class.php 第 435 行.
NOTIC: [8] Uninitialized string offset: 0 C:\wamp\www\shuidian\Application\Home\Controller\IndexController.class.php 第 435 行.
NOTIC: [2] Illegal string offset 'bcgdrq' C:\wamp\www\shuidian\Application\Home\Controller\IndexController.class.php 第 435 行.
NOTIC: [8] Uninitialized string offset: 0 C:\wamp\www\shuidian\Application\Home\Controller\IndexController.class.php 第 435 行.
NOTIC: [2] Illegal string offset 'bcgdrq' C:\wamp\www\shuidian\Application\Home\Controller\IndexController.class.php 第 435 行.
NOTIC: [8] Uninitialized string offset: 0 C:\wamp\www\shuidian\Application\Home\Controller\IndexController.class.php 第 435 行.
NOTIC: [2] Illegal string offset 'bcgdrq' C:\wamp\www\shuidian\Application\Home\Controller\IndexController.class.php 第 435 行.
NOTIC: [8] Uninitialized string offset: 0 C:\wamp\www\shuidian\Application\Home\Controller\IndexController.class.php 第 435 行.
NOTIC: [2] Illegal string offset 'bcgdrq' C:\wamp\www\shuidian\Application\Home\Controller\IndexController.class.php 第 435 行.
NOTIC: [8] Uninitialized string offset: 0 C:\wamp\www\shuidian\Application\Home\Controller\IndexController.class.php 第 435 行.
INFO: [ view_parse ] --START--
INFO: [ template_filter ] --START--
INFO: Run Behavior\ContentReplaceBehavior [ RunTime:0.000000s ]
INFO: [ template_filter ] --END-- [ RunTime:0.000000s ]
INFO: Run Behavior\ParseTemplateBehavior [ RunTime:0.012696s ]
INFO: [ view_parse ] --END-- [ RunTime:0.012696s ]
INFO: [ view_filter ] --START--
INFO: Run Behavior\WriteHtmlCacheBehavior [ RunTime:0.000000s ]
INFO: [ view_filter ] --END-- [ RunTime:0.000000s ]
INFO: [ app_end ] --START--
INFO: Run Behavior\ShowPageTraceBehavior [ RunTime:0.000000s ]
INFO: [ app_end ] --END-- [ RunTime:0.000000s ]

[ 2018-01-14T23:51:43+08:00 ] 106.36.218.86 /shuidian/index.php/Home/Index/detail/id/2018011421001004600287887776
INFO: [ app_init ] --START--
INFO: Run Behavior\BuildLiteBehavior [ RunTime:0.000000s ]
INFO: [ app_init ] --END-- [ RunTime:0.000976s ]
INFO: [ app_begin ] --START--
INFO: Run Behavior\ReadHtmlCacheBehavior [ RunTime:0.000000s ]
INFO: [ app_begin ] --END-- [ RunTime:0.000000s ]
NOTIC: [2048] Declaration of Home\Controller\IndexController::success() should be compatible with Think\Controller::success($message = '', $jumpUrl = '', $ajax = false) C:\wamp\www\shuidian\Application\Home\Controller\IndexController.class.php 第 468 行.
SQL: SELECT   column_name,   data_type,   column_default,   is_nullable
        FROM    information_schema.tables AS t
        JOIN    information_schema.columns AS c
        ON  t.table_catalog = c.table_catalog
        AND t.table_schema  = c.table_schema
        AND t.table_name    = c.table_name
        WHERE   t.table_name = 'dbo.gdjlk' [ RunTime:0.0010s ]
SQL: SELECT T1.* FROM (SELECT thinkphp.*, ROW_NUMBER() OVER ( ORDER BY rand()) AS ROW_NUMBER FROM (SELECT  * FROM dbo.gdjlk WHERE [ddbh] = '2018011421001004600287887776' AND [yhdh] = null ) AS thinkphp) AS T1  [ RunTime:0.0010s ]
INFO: [ view_parse ] --START--
INFO: [ template_filter ] --START--
INFO: Run Behavior\ContentReplaceBehavior [ RunTime:0.000000s ]
INFO: [ template_filter ] --END-- [ RunTime:0.000000s ]
INFO: Run Behavior\ParseTemplateBehavior [ RunTime:0.009766s ]
INFO: [ view_parse ] --END-- [ RunTime:0.009766s ]
INFO: [ view_filter ] --START--
INFO: Run Behavior\WriteHtmlCacheBehavior [ RunTime:0.000000s ]
INFO: [ view_filter ] --END-- [ RunTime:0.000000s ]
INFO: [ app_end ] --START--
INFO: Run Behavior\ShowPageTraceBehavior [ RunTime:0.000000s ]
INFO: [ app_end ] --END-- [ RunTime:0.000000s ]

[ 2018-01-14T23:52:12+08:00 ] 106.36.218.86 /shuidian/index.php/Home/Index/record
INFO: [ app_init ] --START--
INFO: Run Behavior\BuildLiteBehavior [ RunTime:0.000000s ]
INFO: [ app_init ] --END-- [ RunTime:0.000000s ]
INFO: [ app_begin ] --START--
INFO: Run Behavior\ReadHtmlCacheBehavior [ RunTime:0.000977s ]
INFO: [ app_begin ] --END-- [ RunTime:0.000977s ]
NOTIC: [2048] Declaration of Home\Controller\IndexController::success() should be compatible with Think\Controller::success($message = '', $jumpUrl = '', $ajax = false) C:\wamp\www\shuidian\Application\Home\Controller\IndexController.class.php 第 468 行.
SQL: SELECT   column_name,   data_type,   column_default,   is_nullable
        FROM    information_schema.tables AS t
        JOIN    information_schema.columns AS c
        ON  t.table_catalog = c.table_catalog
        AND t.table_schema  = c.table_schema
        AND t.table_name    = c.table_name
        WHERE   t.table_name = 'dbo.gdjlk' [ RunTime:0.0000s ]
SQL: SELECT T1.* FROM (SELECT thinkphp.*, ROW_NUMBER() OVER ( ORDER BY BCGDRQ desc) AS ROW_NUMBER FROM (SELECT  * FROM dbo.gdjlk WHERE [yhdh] = '18291057063' AND [yhdz] = '4-2-804' ) AS thinkphp) AS T1  [ RunTime:0.0010s ]
NOTIC: [2] Illegal string offset 'bcgdrq' C:\wamp\www\shuidian\Application\Home\Controller\IndexController.class.php 第 435 行.
NOTIC: [8] Uninitialized string offset: 0 C:\wamp\www\shuidian\Application\Home\Controller\IndexController.class.php 第 435 行.
NOTIC: [2] Illegal string offset 'bcgdrq' C:\wamp\www\shuidian\Application\Home\Controller\IndexController.class.php 第 435 行.
NOTIC: [8] Uninitialized string offset: 0 C:\wamp\www\shuidian\Application\Home\Controller\IndexController.class.php 第 435 行.
NOTIC: [2] Illegal string offset 'bcgdrq' C:\wamp\www\shuidian\Application\Home\Controller\IndexController.class.php 第 435 行.
NOTIC: [8] Uninitialized string offset: 0 C:\wamp\www\shuidian\Application\Home\Controller\IndexController.class.php 第 435 行.
NOTIC: [2] Illegal string offset 'bcgdrq' C:\wamp\www\shuidian\Application\Home\Controller\IndexController.class.php 第 435 行.
NOTIC: [8] Uninitialized string offset: 0 C:\wamp\www\shuidian\Application\Home\Controller\IndexController.class.php 第 435 行.
NOTIC: [2] Illegal string offset 'bcgdrq' C:\wamp\www\shuidian\Application\Home\Controller\IndexController.class.php 第 435 行.
NOTIC: [8] Uninitialized string offset: 0 C:\wamp\www\shuidian\Application\Home\Controller\IndexController.class.php 第 435 行.
NOTIC: [2] Illegal string offset 'bcgdrq' C:\wamp\www\shuidian\Application\Home\Controller\IndexController.class.php 第 435 行.
NOTIC: [8] Uninitialized string offset: 0 C:\wamp\www\shuidian\Application\Home\Controller\IndexController.class.php 第 435 行.
NOTIC: [2] Illegal string offset 'bcgdrq' C:\wamp\www\shuidian\Application\Home\Controller\IndexController.class.php 第 435 行.
NOTIC: [8] Uninitialized string offset: 0 C:\wamp\www\shuidian\Application\Home\Controller\IndexController.class.php 第 435 行.
NOTIC: [2] Illegal string offset 'bcgdrq' C:\wamp\www\shuidian\Application\Home\Controller\IndexController.class.php 第 435 行.
NOTIC: [8] Uninitialized string offset: 0 C:\wamp\www\shuidian\Application\Home\Controller\IndexController.class.php 第 435 行.
NOTIC: [2] Illegal string offset 'bcgdrq' C:\wamp\www\shuidian\Application\Home\Controller\IndexController.class.php 第 435 行.
NOTIC: [8] Uninitialized string offset: 0 C:\wamp\www\shuidian\Application\Home\Controller\IndexController.class.php 第 435 行.
NOTIC: [2] Illegal string offset 'bcgdrq' C:\wamp\www\shuidian\Application\Home\Controller\IndexController.class.php 第 435 行.
NOTIC: [8] Uninitialized string offset: 0 C:\wamp\www\shuidian\Application\Home\Controller\IndexController.class.php 第 435 行.
NOTIC: [2] Illegal string offset 'bcgdrq' C:\wamp\www\shuidian\Application\Home\Controller\IndexController.class.php 第 435 行.
NOTIC: [8] Uninitialized string offset: 0 C:\wamp\www\shuidian\Application\Home\Controller\IndexController.class.php 第 435 行.
NOTIC: [2] Illegal string offset 'bcgdrq' C:\wamp\www\shuidian\Application\Home\Controller\IndexController.class.php 第 435 行.
NOTIC: [8] Uninitialized string offset: 0 C:\wamp\www\shuidian\Application\Home\Controller\IndexController.class.php 第 435 行.
NOTIC: [2] Illegal string offset 'bcgdrq' C:\wamp\www\shuidian\Application\Home\Controller\IndexController.class.php 第 435 行.
NOTIC: [8] Uninitialized string offset: 0 C:\wamp\www\shuidian\Application\Home\Controller\IndexController.class.php 第 435 行.
NOTIC: [2] Illegal string offset 'bcgdrq' C:\wamp\www\shuidian\Application\Home\Controller\IndexController.class.php 第 435 行.
NOTIC: [8] Uninitialized string offset: 0 C:\wamp\www\shuidian\Application\Home\Controller\IndexController.class.php 第 435 行.
NOTIC: [2] Illegal string offset 'bcgdrq' C:\wamp\www\shuidian\Application\Home\Controller\IndexController.class.php 第 435 行.
NOTIC: [8] Uninitialized string offset: 0 C:\wamp\www\shuidian\Application\Home\Controller\IndexController.class.php 第 435 行.
INFO: [ view_parse ] --START--
INFO: [ template_filter ] --START--
INFO: Run Behavior\ContentReplaceBehavior [ RunTime:0.000000s ]
INFO: [ template_filter ] --END-- [ RunTime:0.000000s ]
INFO: Run Behavior\ParseTemplateBehavior [ RunTime:0.012696s ]
INFO: [ view_parse ] --END-- [ RunTime:0.012696s ]
INFO: [ view_filter ] --START--
INFO: Run Behavior\WriteHtmlCacheBehavior [ RunTime:0.000000s ]
INFO: [ view_filter ] --END-- [ RunTime:0.000976s ]
INFO: [ app_end ] --START--
INFO: Run Behavior\ShowPageTraceBehavior [ RunTime:0.000000s ]
INFO: [ app_end ] --END-- [ RunTime:0.000000s ]

[ 2018-01-14T23:52:17+08:00 ] 106.36.218.86 /shuidian/index.php/Home/Index/detail/id/2018011421001004620254385768
INFO: [ app_init ] --START--
INFO: Run Behavior\BuildLiteBehavior [ RunTime:0.000000s ]
INFO: [ app_init ] --END-- [ RunTime:0.000976s ]
INFO: [ app_begin ] --START--
INFO: Run Behavior\ReadHtmlCacheBehavior [ RunTime:0.000000s ]
INFO: [ app_begin ] --END-- [ RunTime:0.000000s ]
NOTIC: [2048] Declaration of Home\Controller\IndexController::success() should be compatible with Think\Controller::success($message = '', $jumpUrl = '', $ajax = false) C:\wamp\www\shuidian\Application\Home\Controller\IndexController.class.php 第 468 行.
SQL: SELECT   column_name,   data_type,   column_default,   is_nullable
        FROM    information_schema.tables AS t
        JOIN    information_schema.columns AS c
        ON  t.table_catalog = c.table_catalog
        AND t.table_schema  = c.table_schema
        AND t.table_name    = c.table_name
        WHERE   t.table_name = 'dbo.gdjlk' [ RunTime:0.0010s ]
SQL: SELECT T1.* FROM (SELECT thinkphp.*, ROW_NUMBER() OVER ( ORDER BY rand()) AS ROW_NUMBER FROM (SELECT  * FROM dbo.gdjlk WHERE [ddbh] = '2018011421001004620254385768' AND [yhdh] = null ) AS thinkphp) AS T1  [ RunTime:0.0000s ]
INFO: [ view_parse ] --START--
INFO: [ template_filter ] --START--
INFO: Run Behavior\ContentReplaceBehavior [ RunTime:0.000000s ]
INFO: [ template_filter ] --END-- [ RunTime:0.000976s ]
INFO: Run Behavior\ParseTemplateBehavior [ RunTime:0.008790s ]
INFO: [ view_parse ] --END-- [ RunTime:0.009766s ]
INFO: [ view_filter ] --START--
INFO: Run Behavior\WriteHtmlCacheBehavior [ RunTime:0.000000s ]
INFO: [ view_filter ] --END-- [ RunTime:0.000000s ]
INFO: [ app_end ] --START--
INFO: Run Behavior\ShowPageTraceBehavior [ RunTime:0.000977s ]
INFO: [ app_end ] --END-- [ RunTime:0.000977s ]

[ 2018-01-14T23:52:18+08:00 ] 106.36.218.86 /shuidian/index.php/Home/Index/record
INFO: [ app_init ] --START--
INFO: Run Behavior\BuildLiteBehavior [ RunTime:0.000000s ]
INFO: [ app_init ] --END-- [ RunTime:0.000976s ]
INFO: [ app_begin ] --START--
INFO: Run Behavior\ReadHtmlCacheBehavior [ RunTime:0.000000s ]
INFO: [ app_begin ] --END-- [ RunTime:0.000976s ]
NOTIC: [2048] Declaration of Home\Controller\IndexController::success() should be compatible with Think\Controller::success($message = '', $jumpUrl = '', $ajax = false) C:\wamp\www\shuidian\Application\Home\Controller\IndexController.class.php 第 468 行.
SQL: SELECT   column_name,   data_type,   column_default,   is_nullable
        FROM    information_schema.tables AS t
        JOIN    information_schema.columns AS c
        ON  t.table_catalog = c.table_catalog
        AND t.table_schema  = c.table_schema
        AND t.table_name    = c.table_name
        WHERE   t.table_name = 'dbo.gdjlk' [ RunTime:0.0000s ]
SQL: SELECT T1.* FROM (SELECT thinkphp.*, ROW_NUMBER() OVER ( ORDER BY BCGDRQ desc) AS ROW_NUMBER FROM (SELECT  * FROM dbo.gdjlk WHERE [yhdh] = '18291057063' AND [yhdz] = '4-2-804' ) AS thinkphp) AS T1  [ RunTime:0.0010s ]
NOTIC: [2] Illegal string offset 'bcgdrq' C:\wamp\www\shuidian\Application\Home\Controller\IndexController.class.php 第 435 行.
NOTIC: [8] Uninitialized string offset: 0 C:\wamp\www\shuidian\Application\Home\Controller\IndexController.class.php 第 435 行.
NOTIC: [2] Illegal string offset 'bcgdrq' C:\wamp\www\shuidian\Application\Home\Controller\IndexController.class.php 第 435 行.
NOTIC: [8] Uninitialized string offset: 0 C:\wamp\www\shuidian\Application\Home\Controller\IndexController.class.php 第 435 行.
NOTIC: [2] Illegal string offset 'bcgdrq' C:\wamp\www\shuidian\Application\Home\Controller\IndexController.class.php 第 435 行.
NOTIC: [8] Uninitialized string offset: 0 C:\wamp\www\shuidian\Application\Home\Controller\IndexController.class.php 第 435 行.
NOTIC: [2] Illegal string offset 'bcgdrq' C:\wamp\www\shuidian\Application\Home\Controller\IndexController.class.php 第 435 行.
NOTIC: [8] Uninitialized string offset: 0 C:\wamp\www\shuidian\Application\Home\Controller\IndexController.class.php 第 435 行.
NOTIC: [2] Illegal string offset 'bcgdrq' C:\wamp\www\shuidian\Application\Home\Controller\IndexController.class.php 第 435 行.
NOTIC: [8] Uninitialized string offset: 0 C:\wamp\www\shuidian\Application\Home\Controller\IndexController.class.php 第 435 行.
NOTIC: [2] Illegal string offset 'bcgdrq' C:\wamp\www\shuidian\Application\Home\Controller\IndexController.class.php 第 435 行.
NOTIC: [8] Uninitialized string offset: 0 C:\wamp\www\shuidian\Application\Home\Controller\IndexController.class.php 第 435 行.
NOTIC: [2] Illegal string offset 'bcgdrq' C:\wamp\www\shuidian\Application\Home\Controller\IndexController.class.php 第 435 行.
NOTIC: [8] Uninitialized string offset: 0 C:\wamp\www\shuidian\Application\Home\Controller\IndexController.class.php 第 435 行.
NOTIC: [2] Illegal string offset 'bcgdrq' C:\wamp\www\shuidian\Application\Home\Controller\IndexController.class.php 第 435 行.
NOTIC: [8] Uninitialized string offset: 0 C:\wamp\www\shuidian\Application\Home\Controller\IndexController.class.php 第 435 行.
NOTIC: [2] Illegal string offset 'bcgdrq' C:\wamp\www\shuidian\Application\Home\Controller\IndexController.class.php 第 435 行.
NOTIC: [8] Uninitialized string offset: 0 C:\wamp\www\shuidian\Application\Home\Controller\IndexController.class.php 第 435 行.
NOTIC: [2] Illegal string offset 'bcgdrq' C:\wamp\www\shuidian\Application\Home\Controller\IndexController.class.php 第 435 行.
NOTIC: [8] Uninitialized string offset: 0 C:\wamp\www\shuidian\Application\Home\Controller\IndexController.class.php 第 435 行.
NOTIC: [2] Illegal string offset 'bcgdrq' C:\wamp\www\shuidian\Application\Home\Controller\IndexController.class.php 第 435 行.
NOTIC: [8] Uninitialized string offset: 0 C:\wamp\www\shuidian\Application\Home\Controller\IndexController.class.php 第 435 行.
NOTIC: [2] Illegal string offset 'bcgdrq' C:\wamp\www\shuidian\Application\Home\Controller\IndexController.class.php 第 435 行.
NOTIC: [8] Uninitialized string offset: 0 C:\wamp\www\shuidian\Application\Home\Controller\IndexController.class.php 第 435 行.
NOTIC: [2] Illegal string offset 'bcgdrq' C:\wamp\www\shuidian\Application\Home\Controller\IndexController.class.php 第 435 行.
NOTIC: [8] Uninitialized string offset: 0 C:\wamp\www\shuidian\Application\Home\Controller\IndexController.class.php 第 435 行.
NOTIC: [2] Illegal string offset 'bcgdrq' C:\wamp\www\shuidian\Application\Home\Controller\IndexController.class.php 第 435 行.
NOTIC: [8] Uninitialized string offset: 0 C:\wamp\www\shuidian\Application\Home\Controller\IndexController.class.php 第 435 行.
NOTIC: [2] Illegal string offset 'bcgdrq' C:\wamp\www\shuidian\Application\Home\Controller\IndexController.class.php 第 435 行.
NOTIC: [8] Uninitialized string offset: 0 C:\wamp\www\shuidian\Application\Home\Controller\IndexController.class.php 第 435 行.
INFO: [ view_parse ] --START--
INFO: [ template_filter ] --START--
INFO: Run Behavior\ContentReplaceBehavior [ RunTime:0.000000s ]
INFO: [ template_filter ] --END-- [ RunTime:0.000000s ]
INFO: Run Behavior\ParseTemplateBehavior [ RunTime:0.012695s ]
INFO: [ view_parse ] --END-- [ RunTime:0.012695s ]
INFO: [ view_filter ] --START--
INFO: Run Behavior\WriteHtmlCacheBehavior [ RunTime:0.000000s ]
INFO: [ view_filter ] --END-- [ RunTime:0.000000s ]
INFO: [ app_end ] --START--
INFO: Run Behavior\ShowPageTraceBehavior [ RunTime:0.000000s ]
INFO: [ app_end ] --END-- [ RunTime:0.000000s ]

[ 2018-01-14T23:53:16+08:00 ] 120.204.17.73 /shuidian/index.php/Home/Index/detail/id/2018011421001004620254385768
INFO: [ app_init ] --START--
INFO: Run Behavior\BuildLiteBehavior [ RunTime:0.000000s ]
INFO: [ app_init ] --END-- [ RunTime:0.000000s ]
INFO: [ app_begin ] --START--
INFO: Run Behavior\ReadHtmlCacheBehavior [ RunTime:0.000977s ]
INFO: [ app_begin ] --END-- [ RunTime:0.000977s ]
NOTIC: [2048] Declaration of Home\Controller\IndexController::success() should be compatible with Think\Controller::success($message = '', $jumpUrl = '', $ajax = false) C:\wamp\www\shuidian\Application\Home\Controller\IndexController.class.php 第 468 行.
SQL: SELECT   column_name,   data_type,   column_default,   is_nullable
        FROM    information_schema.tables AS t
        JOIN    information_schema.columns AS c
        ON  t.table_catalog = c.table_catalog
        AND t.table_schema  = c.table_schema
        AND t.table_name    = c.table_name
        WHERE   t.table_name = 'dbo.gdjlk' [ RunTime:0.0000s ]
SQL: SELECT T1.* FROM (SELECT thinkphp.*, ROW_NUMBER() OVER ( ORDER BY rand()) AS ROW_NUMBER FROM (SELECT  * FROM dbo.gdjlk WHERE [ddbh] = '2018011421001004620254385768' AND [yhdh] = null ) AS thinkphp) AS T1  [ RunTime:0.0000s ]
INFO: [ view_parse ] --START--
INFO: [ template_filter ] --START--
INFO: Run Behavior\ContentReplaceBehavior [ RunTime:0.000000s ]
INFO: [ template_filter ] --END-- [ RunTime:0.000000s ]
INFO: Run Behavior\ParseTemplateBehavior [ RunTime:0.008789s ]
INFO: [ view_parse ] --END-- [ RunTime:0.009766s ]
INFO: [ view_filter ] --START--
INFO: Run Behavior\WriteHtmlCacheBehavior [ RunTime:0.000977s ]
INFO: [ view_filter ] --END-- [ RunTime:0.000977s ]
INFO: [ app_end ] --START--
INFO: Run Behavior\ShowPageTraceBehavior [ RunTime:0.000000s ]
INFO: [ app_end ] --END-- [ RunTime:0.000976s ]

[ 2018-01-14T23:53:44+08:00 ] 106.36.218.86 /shuidian/index.php/Home/Index/login_id
INFO: [ app_init ] --START--
INFO: Run Behavior\BuildLiteBehavior [ RunTime:0.000000s ]
INFO: [ app_init ] --END-- [ RunTime:0.000976s ]
INFO: [ app_begin ] --START--
INFO: Run Behavior\ReadHtmlCacheBehavior [ RunTime:0.000000s ]
INFO: [ app_begin ] --END-- [ RunTime:0.000976s ]
NOTIC: [2048] Declaration of Home\Controller\IndexController::success() should be compatible with Think\Controller::success($message = '', $jumpUrl = '', $ajax = false) C:\wamp\www\shuidian\Application\Home\Controller\IndexController.class.php 第 468 行.
INFO: [ view_parse ] --START--
INFO: [ template_filter ] --START--
INFO: Run Behavior\ContentReplaceBehavior [ RunTime:0.000000s ]
INFO: [ template_filter ] --END-- [ RunTime:0.000000s ]
INFO: Run Behavior\ParseTemplateBehavior [ RunTime:0.005860s ]
INFO: [ view_parse ] --END-- [ RunTime:0.005860s ]
INFO: [ view_filter ] --START--
INFO: Run Behavior\WriteHtmlCacheBehavior [ RunTime:0.000000s ]
INFO: [ view_filter ] --END-- [ RunTime:0.000000s ]
INFO: [ app_end ] --START--
INFO: Run Behavior\ShowPageTraceBehavior [ RunTime:0.000000s ]
INFO: [ app_end ] --END-- [ RunTime:0.000000s ]

[ 2018-01-14T23:53:54+08:00 ] 106.36.218.86 /shuidian/index.php/Home/Index/login_denglu
INFO: [ app_init ] --START--
INFO: Run Behavior\BuildLiteBehavior [ RunTime:0.000000s ]
INFO: [ app_init ] --END-- [ RunTime:0.000000s ]
INFO: [ app_begin ] --START--
INFO: Run Behavior\ReadHtmlCacheBehavior [ RunTime:0.000000s ]
INFO: [ app_begin ] --END-- [ RunTime:0.000000s ]
NOTIC: [2048] Declaration of Home\Controller\IndexController::success() should be compatible with Think\Controller::success($message = '', $jumpUrl = '', $ajax = false) C:\wamp\www\shuidian\Application\Home\Controller\IndexController.class.php 第 468 行.
SQL: SELECT   column_name,   data_type,   column_default,   is_nullable
        FROM    information_schema.tables AS t
        JOIN    information_schema.columns AS c
        ON  t.table_catalog = c.table_catalog
        AND t.table_schema  = c.table_schema
        AND t.table_name    = c.table_name
        WHERE   t.table_name = 'dbo.maindbf' [ RunTime:0.0010s ]
SQL: SELECT T1.* FROM (SELECT thinkphp.*, ROW_NUMBER() OVER ( ORDER BY rand()) AS ROW_NUMBER FROM (SELECT  * FROM dbo.maindbf WHERE [yhdh] = '18291057063' AND [yhxm] = '曹晨剑' ) AS thinkphp) AS T1 WHERE (T1.ROW_NUMBER BETWEEN 1 AND 1) [ RunTime:0.0000s ]

[ 2018-01-14T23:53:54+08:00 ] 106.36.218.86 /shuidian/index.php/Home/Index/record
INFO: [ app_init ] --START--
INFO: Run Behavior\BuildLiteBehavior [ RunTime:0.000000s ]
INFO: [ app_init ] --END-- [ RunTime:0.000977s ]
INFO: [ app_begin ] --START--
INFO: Run Behavior\ReadHtmlCacheBehavior [ RunTime:0.000976s ]
INFO: [ app_begin ] --END-- [ RunTime:0.000976s ]
NOTIC: [2048] Declaration of Home\Controller\IndexController::success() should be compatible with Think\Controller::success($message = '', $jumpUrl = '', $ajax = false) C:\wamp\www\shuidian\Application\Home\Controller\IndexController.class.php 第 468 行.
SQL: SELECT   column_name,   data_type,   column_default,   is_nullable
        FROM    information_schema.tables AS t
        JOIN    information_schema.columns AS c
        ON  t.table_catalog = c.table_catalog
        AND t.table_schema  = c.table_schema
        AND t.table_name    = c.table_name
        WHERE   t.table_name = 'dbo.gdjlk' [ RunTime:0.0010s ]
SQL: SELECT T1.* FROM (SELECT thinkphp.*, ROW_NUMBER() OVER ( ORDER BY BCGDRQ desc) AS ROW_NUMBER FROM (SELECT  * FROM dbo.gdjlk WHERE [yhdh] = '18291057063' AND [yhdz] = '4-2-804' ) AS thinkphp) AS T1  [ RunTime:0.0010s ]
NOTIC: [2] Illegal string offset 'bcgdrq' C:\wamp\www\shuidian\Application\Home\Controller\IndexController.class.php 第 435 行.
NOTIC: [8] Uninitialized string offset: 0 C:\wamp\www\shuidian\Application\Home\Controller\IndexController.class.php 第 435 行.
NOTIC: [2] Illegal string offset 'bcgdrq' C:\wamp\www\shuidian\Application\Home\Controller\IndexController.class.php 第 435 行.
NOTIC: [8] Uninitialized string offset: 0 C:\wamp\www\shuidian\Application\Home\Controller\IndexController.class.php 第 435 行.
NOTIC: [2] Illegal string offset 'bcgdrq' C:\wamp\www\shuidian\Application\Home\Controller\IndexController.class.php 第 435 行.
NOTIC: [8] Uninitialized string offset: 0 C:\wamp\www\shuidian\Application\Home\Controller\IndexController.class.php 第 435 行.
NOTIC: [2] Illegal string offset 'bcgdrq' C:\wamp\www\shuidian\Application\Home\Controller\IndexController.class.php 第 435 行.
NOTIC: [8] Uninitialized string offset: 0 C:\wamp\www\shuidian\Application\Home\Controller\IndexController.class.php 第 435 行.
NOTIC: [2] Illegal string offset 'bcgdrq' C:\wamp\www\shuidian\Application\Home\Controller\IndexController.class.php 第 435 行.
NOTIC: [8] Uninitialized string offset: 0 C:\wamp\www\shuidian\Application\Home\Controller\IndexController.class.php 第 435 行.
NOTIC: [2] Illegal string offset 'bcgdrq' C:\wamp\www\shuidian\Application\Home\Controller\IndexController.class.php 第 435 行.
NOTIC: [8] Uninitialized string offset: 0 C:\wamp\www\shuidian\Application\Home\Controller\IndexController.class.php 第 435 行.
NOTIC: [2] Illegal string offset 'bcgdrq' C:\wamp\www\shuidian\Application\Home\Controller\IndexController.class.php 第 435 行.
NOTIC: [8] Uninitialized string offset: 0 C:\wamp\www\shuidian\Application\Home\Controller\IndexController.class.php 第 435 行.
NOTIC: [2] Illegal string offset 'bcgdrq' C:\wamp\www\shuidian\Application\Home\Controller\IndexController.class.php 第 435 行.
NOTIC: [8] Uninitialized string offset: 0 C:\wamp\www\shuidian\Application\Home\Controller\IndexController.class.php 第 435 行.
NOTIC: [2] Illegal string offset 'bcgdrq' C:\wamp\www\shuidian\Application\Home\Controller\IndexController.class.php 第 435 行.
NOTIC: [8] Uninitialized string offset: 0 C:\wamp\www\shuidian\Application\Home\Controller\IndexController.class.php 第 435 行.
NOTIC: [2] Illegal string offset 'bcgdrq' C:\wamp\www\shuidian\Application\Home\Controller\IndexController.class.php 第 435 行.
NOTIC: [8] Uninitialized string offset: 0 C:\wamp\www\shuidian\Application\Home\Controller\IndexController.class.php 第 435 行.
NOTIC: [2] Illegal string offset 'bcgdrq' C:\wamp\www\shuidian\Application\Home\Controller\IndexController.class.php 第 435 行.
NOTIC: [8] Uninitialized string offset: 0 C:\wamp\www\shuidian\Application\Home\Controller\IndexController.class.php 第 435 行.
NOTIC: [2] Illegal string offset 'bcgdrq' C:\wamp\www\shuidian\Application\Home\Controller\IndexController.class.php 第 435 行.
NOTIC: [8] Uninitialized string offset: 0 C:\wamp\www\shuidian\Application\Home\Controller\IndexController.class.php 第 435 行.
NOTIC: [2] Illegal string offset 'bcgdrq' C:\wamp\www\shuidian\Application\Home\Controller\IndexController.class.php 第 435 行.
NOTIC: [8] Uninitialized string offset: 0 C:\wamp\www\shuidian\Application\Home\Controller\IndexController.class.php 第 435 行.
NOTIC: [2] Illegal string offset 'bcgdrq' C:\wamp\www\shuidian\Application\Home\Controller\IndexController.class.php 第 435 行.
NOTIC: [8] Uninitialized string offset: 0 C:\wamp\www\shuidian\Application\Home\Controller\IndexController.class.php 第 435 行.
NOTIC: [2] Illegal string offset 'bcgdrq' C:\wamp\www\shuidian\Application\Home\Controller\IndexController.class.php 第 435 行.
NOTIC: [8] Uninitialized string offset: 0 C:\wamp\www\shuidian\Application\Home\Controller\IndexController.class.php 第 435 行.
INFO: [ view_parse ] --START--
INFO: [ template_filter ] --START--
INFO: Run Behavior\ContentReplaceBehavior [ RunTime:0.000000s ]
INFO: [ template_filter ] --END-- [ RunTime:0.000000s ]
INFO: Run Behavior\ParseTemplateBehavior [ RunTime:0.012695s ]
INFO: [ view_parse ] --END-- [ RunTime:0.012695s ]
INFO: [ view_filter ] --START--
INFO: Run Behavior\WriteHtmlCacheBehavior [ RunTime:0.000000s ]
INFO: [ view_filter ] --END-- [ RunTime:0.000000s ]
INFO: [ app_end ] --START--
INFO: Run Behavior\ShowPageTraceBehavior [ RunTime:0.000000s ]
INFO: [ app_end ] --END-- [ RunTime:0.000000s ]

[ 2018-01-14T23:53:55+08:00 ] 106.36.218.86 /shuidian/index.php/Home/Index/detail/id/2018011421001004510250421907
INFO: [ app_init ] --START--
INFO: Run Behavior\BuildLiteBehavior [ RunTime:0.000000s ]
INFO: [ app_init ] --END-- [ RunTime:0.000000s ]
INFO: [ app_begin ] --START--
INFO: Run Behavior\ReadHtmlCacheBehavior [ RunTime:0.000977s ]
INFO: [ app_begin ] --END-- [ RunTime:0.000977s ]
NOTIC: [2048] Declaration of Home\Controller\IndexController::success() should be compatible with Think\Controller::success($message = '', $jumpUrl = '', $ajax = false) C:\wamp\www\shuidian\Application\Home\Controller\IndexController.class.php 第 468 行.
SQL: SELECT   column_name,   data_type,   column_default,   is_nullable
        FROM    information_schema.tables AS t
        JOIN    information_schema.columns AS c
        ON  t.table_catalog = c.table_catalog
        AND t.table_schema  = c.table_schema
        AND t.table_name    = c.table_name
        WHERE   t.table_name = 'dbo.gdjlk' [ RunTime:0.0010s ]
SQL: SELECT T1.* FROM (SELECT thinkphp.*, ROW_NUMBER() OVER ( ORDER BY rand()) AS ROW_NUMBER FROM (SELECT  * FROM dbo.gdjlk WHERE [ddbh] = '2018011421001004510250421907' AND [yhdh] = '18291057063' ) AS thinkphp) AS T1  [ RunTime:0.0020s ]
INFO: [ view_parse ] --START--
INFO: [ template_filter ] --START--
INFO: Run Behavior\ContentReplaceBehavior [ RunTime:0.000000s ]
INFO: [ template_filter ] --END-- [ RunTime:0.000976s ]
INFO: Run Behavior\ParseTemplateBehavior [ RunTime:0.009766s ]
INFO: [ view_parse ] --END-- [ RunTime:0.009766s ]
INFO: [ view_filter ] --START--
INFO: Run Behavior\WriteHtmlCacheBehavior [ RunTime:0.000000s ]
INFO: [ view_filter ] --END-- [ RunTime:0.000000s ]
INFO: [ app_end ] --START--
INFO: Run Behavior\ShowPageTraceBehavior [ RunTime:0.000000s ]
INFO: [ app_end ] --END-- [ RunTime:0.000976s ]

