[ 2018-01-11T09:06:30+08:00 ] 127.0.0.1 /favicon.ico
INFO: [ app_init ] --START--
INFO: Run Behavior\BuildLiteBehavior [ RunTime:0.000020s ]
INFO: [ app_init ] --END-- [ RunTime:0.000740s ]
ERR: 无法加载模块:Favicon

[ 2018-01-11T09:06:37+08:00 ] 127.0.0.1 /favicon.ico
INFO: [ app_init ] --START--
INFO: Run Behavior\BuildLiteBehavior [ RunTime:0.000019s ]
INFO: [ app_init ] --END-- [ RunTime:0.000702s ]
ERR: 无法加载模块:Favicon

[ 2018-01-11T09:17:02+08:00 ] 127.0.0.1 /Public/Home//Public/Home/images/cbd.jpg
INFO: [ app_init ] --START--
INFO: Run Behavior\BuildLiteBehavior [ RunTime:0.000012s ]
INFO: [ app_init ] --END-- [ RunTime:0.000419s ]
ERR: 无法加载模块:Public

[ 2018-01-11T09:17:02+08:00 ] 127.0.0.1 /Public/%E5%BE%AE%E4%BF%A1%E7%BC%B4%E8%B4%B9%E4%BF%AE%E6%94%B9%E7%89%88/fonts/mui.ttf
INFO: [ app_init ] --START--
INFO: Run Behavior\BuildLiteBehavior [ RunTime:0.000011s ]
INFO: [ app_init ] --END-- [ RunTime:0.000394s ]
ERR: 无法加载模块:Public

[ 2018-01-11T09:17:49+08:00 ] 127.0.0.1 /Public/Home//Public/Home/images/cbd.jpg
INFO: [ app_init ] --START--
INFO: Run Behavior\BuildLiteBehavior [ RunTime:0.000022s ]
INFO: [ app_init ] --END-- [ RunTime:0.000684s ]
ERR: 无法加载模块:Public

[ 2018-01-11T09:17:49+08:00 ] 127.0.0.1 /Public/%E5%BE%AE%E4%BF%A1%E7%BC%B4%E8%B4%B9%E4%BF%AE%E6%94%B9%E7%89%88/fonts/mui.ttf
INFO: [ app_init ] --START--
INFO: Run Behavior\BuildLiteBehavior [ RunTime:0.000016s ]
INFO: [ app_init ] --END-- [ RunTime:0.000574s ]
ERR: 无法加载模块:Public

[ 2018-01-11T09:23:00+08:00 ] 127.0.0.1 /Public/%E5%BE%AE%E4%BF%A1%E7%BC%B4%E8%B4%B9%E4%BF%AE%E6%94%B9%E7%89%88/fonts/mui.ttf
INFO: [ app_init ] --START--
INFO: Run Behavior\BuildLiteBehavior [ RunTime:0.000011s ]
INFO: [ app_init ] --END-- [ RunTime:0.000373s ]
ERR: 无法加载模块:Public

[ 2018-01-11T09:31:38+08:00 ] 127.0.0.1 /Public/%E5%BE%AE%E4%BF%A1%E7%BC%B4%E8%B4%B9%E4%BF%AE%E6%94%B9%E7%89%88/fonts/mui.ttf
INFO: [ app_init ] --START--
INFO: Run Behavior\BuildLiteBehavior [ RunTime:0.000018s ]
INFO: [ app_init ] --END-- [ RunTime:0.000641s ]
ERR: 无法加载模块:Public

[ 2018-01-11T09:31:39+08:00 ] 127.0.0.1 /Public/%E5%BE%AE%E4%BF%A1%E7%BC%B4%E8%B4%B9%E4%BF%AE%E6%94%B9%E7%89%88/fonts/mui.ttf
INFO: [ app_init ] --START--
INFO: Run Behavior\BuildLiteBehavior [ RunTime:0.000018s ]
INFO: [ app_init ] --END-- [ RunTime:0.000630s ]
ERR: 无法加载模块:Public

[ 2018-01-11T09:50:27+08:00 ] 127.0.0.1 /favicon.ico
INFO: [ app_init ] --START--
INFO: Run Behavior\BuildLiteBehavior [ RunTime:0.000019s ]
INFO: [ app_init ] --END-- [ RunTime:0.000798s ]
ERR: 无法加载模块:Favicon

[ 2018-01-11T10:44:24+08:00 ] 127.0.0.1 /Public/%E5%BE%AE%E4%BF%A1%E7%BC%B4%E8%B4%B9%E4%BF%AE%E6%94%B9%E7%89%88/fonts/mui.ttf
INFO: [ app_init ] --START--
INFO: Run Behavior\BuildLiteBehavior [ RunTime:0.000011s ]
INFO: [ app_init ] --END-- [ RunTime:0.000394s ]
ERR: 无法加载模块:Public

[ 2018-01-11T10:44:40+08:00 ] 127.0.0.1 /Public/%E5%BE%AE%E4%BF%A1%E7%BC%B4%E8%B4%B9%E4%BF%AE%E6%94%B9%E7%89%88/fonts/mui.ttf
INFO: [ app_init ] --START--
INFO: Run Behavior\BuildLiteBehavior [ RunTime:0.000019s ]
INFO: [ app_init ] --END-- [ RunTime:0.000433s ]
ERR: 无法加载模块:Public

[ 2018-01-11T10:45:12+08:00 ] 127.0.0.1 /Public/%E5%BE%AE%E4%BF%A1%E7%BC%B4%E8%B4%B9%E4%BF%AE%E6%94%B9%E7%89%88/fonts/mui.ttf
INFO: [ app_init ] --START--
INFO: Run Behavior\BuildLiteBehavior [ RunTime:0.000010s ]
INFO: [ app_init ] --END-- [ RunTime:0.000373s ]
ERR: 无法加载模块:Public

[ 2018-01-11T10:45:19+08:00 ] 127.0.0.1 /Public/%E5%BE%AE%E4%BF%A1%E7%BC%B4%E8%B4%B9%E4%BF%AE%E6%94%B9%E7%89%88/fonts/mui.ttf
INFO: [ app_init ] --START--
INFO: Run Behavior\BuildLiteBehavior [ RunTime:0.000012s ]
INFO: [ app_init ] --END-- [ RunTime:0.000378s ]
ERR: 无法加载模块:Public

[ 2018-01-11T10:47:07+08:00 ] 127.0.0.1 /Public/%E5%BE%AE%E4%BF%A1%E7%BC%B4%E8%B4%B9%E4%BF%AE%E6%94%B9%E7%89%88/fonts/mui.ttf
INFO: [ app_init ] --START--
INFO: Run Behavior\BuildLiteBehavior [ RunTime:0.000011s ]
INFO: [ app_init ] --END-- [ RunTime:0.000366s ]
ERR: 无法加载模块:Public

[ 2018-01-11T10:47:27+08:00 ] 127.0.0.1 /Public/%E5%BE%AE%E4%BF%A1%E7%BC%B4%E8%B4%B9%E4%BF%AE%E6%94%B9%E7%89%88/fonts/mui.ttf
INFO: [ app_init ] --START--
INFO: Run Behavior\BuildLiteBehavior [ RunTime:0.000011s ]
INFO: [ app_init ] --END-- [ RunTime:0.000373s ]
ERR: 无法加载模块:Public

[ 2018-01-11T10:47:29+08:00 ] 127.0.0.1 /Public/%E5%BE%AE%E4%BF%A1%E7%BC%B4%E8%B4%B9%E4%BF%AE%E6%94%B9%E7%89%88/fonts/mui.ttf
INFO: [ app_init ] --START--
INFO: Run Behavior\BuildLiteBehavior [ RunTime:0.000017s ]
INFO: [ app_init ] --END-- [ RunTime:0.000594s ]
ERR: 无法加载模块:Public

[ 2018-01-11T10:47:41+08:00 ] 127.0.0.1 /Public/%E5%BE%AE%E4%BF%A1%E7%BC%B4%E8%B4%B9%E4%BF%AE%E6%94%B9%E7%89%88/fonts/mui.ttf
INFO: [ app_init ] --START--
INFO: Run Behavior\BuildLiteBehavior [ RunTime:0.000013s ]
INFO: [ app_init ] --END-- [ RunTime:0.000406s ]
ERR: 无法加载模块:Public

[ 2018-01-11T10:47:53+08:00 ] 127.0.0.1 /Public/%E5%BE%AE%E4%BF%A1%E7%BC%B4%E8%B4%B9%E4%BF%AE%E6%94%B9%E7%89%88/fonts/mui.ttf
INFO: [ app_init ] --START--
INFO: Run Behavior\BuildLiteBehavior [ RunTime:0.000012s ]
INFO: [ app_init ] --END-- [ RunTime:0.000378s ]
ERR: 无法加载模块:Public

[ 2018-01-11T10:49:33+08:00 ] 127.0.0.1 /Public/%E5%BE%AE%E4%BF%A1%E7%BC%B4%E8%B4%B9%E4%BF%AE%E6%94%B9%E7%89%88/fonts/mui.ttf
INFO: [ app_init ] --START--
INFO: Run Behavior\BuildLiteBehavior [ RunTime:0.000011s ]
INFO: [ app_init ] --END-- [ RunTime:0.000378s ]
ERR: 无法加载模块:Public

[ 2018-01-11T10:49:34+08:00 ] 127.0.0.1 /Public/%E5%BE%AE%E4%BF%A1%E7%BC%B4%E8%B4%B9%E4%BF%AE%E6%94%B9%E7%89%88/fonts/mui.ttf
INFO: [ app_init ] --START--
INFO: Run Behavior\BuildLiteBehavior [ RunTime:0.000012s ]
INFO: [ app_init ] --END-- [ RunTime:0.000373s ]
ERR: 无法加载模块:Public

[ 2018-01-11T10:50:38+08:00 ] 127.0.0.1 /Public/%E5%BE%AE%E4%BF%A1%E7%BC%B4%E8%B4%B9%E4%BF%AE%E6%94%B9%E7%89%88/fonts/mui.ttf
INFO: [ app_init ] --START--
INFO: Run Behavior\BuildLiteBehavior [ RunTime:0.000011s ]
INFO: [ app_init ] --END-- [ RunTime:0.000382s ]
ERR: 无法加载模块:Public

[ 2018-01-11T10:50:54+08:00 ] 127.0.0.1 /Public/%E5%BE%AE%E4%BF%A1%E7%BC%B4%E8%B4%B9%E4%BF%AE%E6%94%B9%E7%89%88/fonts/mui.ttf
INFO: [ app_init ] --START--
INFO: Run Behavior\BuildLiteBehavior [ RunTime:0.000014s ]
INFO: [ app_init ] --END-- [ RunTime:0.000448s ]
ERR: 无法加载模块:Public

[ 2018-01-11T10:51:25+08:00 ] 127.0.0.1 /Public/%E5%BE%AE%E4%BF%A1%E7%BC%B4%E8%B4%B9%E4%BF%AE%E6%94%B9%E7%89%88/fonts/mui.ttf
INFO: [ app_init ] --START--
INFO: Run Behavior\BuildLiteBehavior [ RunTime:0.000012s ]
INFO: [ app_init ] --END-- [ RunTime:0.000376s ]
ERR: 无法加载模块:Public

[ 2018-01-11T10:52:39+08:00 ] 127.0.0.1 /Public/%E5%BE%AE%E4%BF%A1%E7%BC%B4%E8%B4%B9%E4%BF%AE%E6%94%B9%E7%89%88/fonts/mui.ttf
INFO: [ app_init ] --START--
INFO: Run Behavior\BuildLiteBehavior [ RunTime:0.000010s ]
INFO: [ app_init ] --END-- [ RunTime:0.000381s ]
ERR: 无法加载模块:Public

[ 2018-01-11T11:36:46+08:00 ] 127.0.0.1 /Public/Home//Public/Home/images/cbd.jpg
INFO: [ app_init ] --START--
INFO: Run Behavior\BuildLiteBehavior [ RunTime:0.000013s ]
INFO: [ app_init ] --END-- [ RunTime:0.000440s ]
ERR: 无法加载模块:Public

[ 2018-01-11T11:36:46+08:00 ] 127.0.0.1 /Public/%E5%BE%AE%E4%BF%A1%E7%BC%B4%E8%B4%B9%E4%BF%AE%E6%94%B9%E7%89%88/fonts/mui.ttf
INFO: [ app_init ] --START--
INFO: Run Behavior\BuildLiteBehavior [ RunTime:0.000017s ]
INFO: [ app_init ] --END-- [ RunTime:0.000633s ]
ERR: 无法加载模块:Public

[ 2018-01-11T11:36:49+08:00 ] 127.0.0.1 /Public/Home//Public/Home/images/cbd.jpg
INFO: [ app_init ] --START--
INFO: Run Behavior\BuildLiteBehavior [ RunTime:0.000021s ]
INFO: [ app_init ] --END-- [ RunTime:0.000566s ]
ERR: 无法加载模块:Public

[ 2018-01-11T11:36:49+08:00 ] 127.0.0.1 /Public/%E5%BE%AE%E4%BF%A1%E7%BC%B4%E8%B4%B9%E4%BF%AE%E6%94%B9%E7%89%88/fonts/mui.ttf
INFO: [ app_init ] --START--
INFO: Run Behavior\BuildLiteBehavior [ RunTime:0.000022s ]
INFO: [ app_init ] --END-- [ RunTime:0.000932s ]
ERR: 无法加载模块:Public

[ 2018-01-11T11:36:50+08:00 ] 127.0.0.1 /Public/Home//Public/Home/images/cbd.jpg
INFO: [ app_init ] --START--
INFO: Run Behavior\BuildLiteBehavior [ RunTime:0.000038s ]
INFO: [ app_init ] --END-- [ RunTime:0.000873s ]
ERR: 无法加载模块:Public

[ 2018-01-11T11:36:50+08:00 ] 127.0.0.1 /Public/%E5%BE%AE%E4%BF%A1%E7%BC%B4%E8%B4%B9%E4%BF%AE%E6%94%B9%E7%89%88/fonts/mui.ttf
INFO: [ app_init ] --START--
INFO: Run Behavior\BuildLiteBehavior [ RunTime:0.000093s ]
INFO: [ app_init ] --END-- [ RunTime:0.001036s ]
ERR: 无法加载模块:Public

[ 2018-01-11T11:36:50+08:00 ] 127.0.0.1 /Public/Home//Public/Home/images/cbd.jpg
INFO: [ app_init ] --START--
INFO: Run Behavior\BuildLiteBehavior [ RunTime:0.000022s ]
INFO: [ app_init ] --END-- [ RunTime:0.000667s ]
ERR: 无法加载模块:Public

[ 2018-01-11T11:36:50+08:00 ] 127.0.0.1 /Public/%E5%BE%AE%E4%BF%A1%E7%BC%B4%E8%B4%B9%E4%BF%AE%E6%94%B9%E7%89%88/fonts/mui.ttf
INFO: [ app_init ] --START--
INFO: Run Behavior\BuildLiteBehavior [ RunTime:0.000020s ]
INFO: [ app_init ] --END-- [ RunTime:0.000587s ]
ERR: 无法加载模块:Public

[ 2018-01-11T11:36:51+08:00 ] 127.0.0.1 /Public/Home//Public/Home/images/cbd.jpg
INFO: [ app_init ] --START--
INFO: Run Behavior\BuildLiteBehavior [ RunTime:0.000012s ]
INFO: [ app_init ] --END-- [ RunTime:0.000397s ]
ERR: 无法加载模块:Public

[ 2018-01-11T11:36:51+08:00 ] 127.0.0.1 /Public/%E5%BE%AE%E4%BF%A1%E7%BC%B4%E8%B4%B9%E4%BF%AE%E6%94%B9%E7%89%88/fonts/mui.ttf
INFO: [ app_init ] --START--
INFO: Run Behavior\BuildLiteBehavior [ RunTime:0.000012s ]
INFO: [ app_init ] --END-- [ RunTime:0.000421s ]
ERR: 无法加载模块:Public

[ 2018-01-11T11:36:51+08:00 ] 127.0.0.1 /Public/Home//Public/Home/images/cbd.jpg
INFO: [ app_init ] --START--
INFO: Run Behavior\BuildLiteBehavior [ RunTime:0.000013s ]
INFO: [ app_init ] --END-- [ RunTime:0.000599s ]
ERR: 无法加载模块:Public

[ 2018-01-11T11:36:51+08:00 ] 127.0.0.1 /Public/%E5%BE%AE%E4%BF%A1%E7%BC%B4%E8%B4%B9%E4%BF%AE%E6%94%B9%E7%89%88/fonts/mui.ttf
INFO: [ app_init ] --START--
INFO: Run Behavior\BuildLiteBehavior [ RunTime:0.000018s ]
INFO: [ app_init ] --END-- [ RunTime:0.000586s ]
ERR: 无法加载模块:Public

[ 2018-01-11T11:36:51+08:00 ] 127.0.0.1 /Public/Home//Public/Home/images/cbd.jpg
INFO: [ app_init ] --START--
INFO: Run Behavior\BuildLiteBehavior [ RunTime:0.000019s ]
INFO: [ app_init ] --END-- [ RunTime:0.000513s ]
ERR: 无法加载模块:Public

[ 2018-01-11T11:36:51+08:00 ] 127.0.0.1 /Public/%E5%BE%AE%E4%BF%A1%E7%BC%B4%E8%B4%B9%E4%BF%AE%E6%94%B9%E7%89%88/fonts/mui.ttf
INFO: [ app_init ] --START--
INFO: Run Behavior\BuildLiteBehavior [ RunTime:0.000020s ]
INFO: [ app_init ] --END-- [ RunTime:0.000711s ]
ERR: 无法加载模块:Public

[ 2018-01-11T11:36:51+08:00 ] 127.0.0.1 /Public/Home//Public/Home/images/cbd.jpg
INFO: [ app_init ] --START--
INFO: Run Behavior\BuildLiteBehavior [ RunTime:0.000019s ]
INFO: [ app_init ] --END-- [ RunTime:0.000660s ]
ERR: 无法加载模块:Public

[ 2018-01-11T11:36:51+08:00 ] 127.0.0.1 /Public/%E5%BE%AE%E4%BF%A1%E7%BC%B4%E8%B4%B9%E4%BF%AE%E6%94%B9%E7%89%88/fonts/mui.ttf
INFO: [ app_init ] --START--
INFO: Run Behavior\BuildLiteBehavior [ RunTime:0.000017s ]
INFO: [ app_init ] --END-- [ RunTime:0.000576s ]
ERR: 无法加载模块:Public

[ 2018-01-11T11:37:15+08:00 ] 127.0.0.1 /Public/Home//Public/Home/images/cbd.jpg
INFO: [ app_init ] --START--
INFO: Run Behavior\BuildLiteBehavior [ RunTime:0.000022s ]
INFO: [ app_init ] --END-- [ RunTime:0.000734s ]
ERR: 无法加载模块:Public

[ 2018-01-11T11:37:15+08:00 ] 127.0.0.1 /Public/%E5%BE%AE%E4%BF%A1%E7%BC%B4%E8%B4%B9%E4%BF%AE%E6%94%B9%E7%89%88/fonts/mui.ttf
INFO: [ app_init ] --START--
INFO: Run Behavior\BuildLiteBehavior [ RunTime:0.000019s ]
INFO: [ app_init ] --END-- [ RunTime:0.000718s ]
ERR: 无法加载模块:Public

[ 2018-01-11T11:37:46+08:00 ] 127.0.0.1 /Public/Home//Public/Home/images/cbd.jpg
INFO: [ app_init ] --START--
INFO: Run Behavior\BuildLiteBehavior [ RunTime:0.000018s ]
INFO: [ app_init ] --END-- [ RunTime:0.000594s ]
ERR: 无法加载模块:Public

[ 2018-01-11T11:37:46+08:00 ] 127.0.0.1 /Public/%E5%BE%AE%E4%BF%A1%E7%BC%B4%E8%B4%B9%E4%BF%AE%E6%94%B9%E7%89%88/fonts/mui.ttf
INFO: [ app_init ] --START--
INFO: Run Behavior\BuildLiteBehavior [ RunTime:0.000023s ]
INFO: [ app_init ] --END-- [ RunTime:0.000948s ]
ERR: 无法加载模块:Public

[ 2018-01-11T11:38:15+08:00 ] 127.0.0.1 /Public/Home//Public/Home/images/cbd.jpg
INFO: [ app_init ] --START--
INFO: Run Behavior\BuildLiteBehavior [ RunTime:0.000020s ]
INFO: [ app_init ] --END-- [ RunTime:0.000714s ]
ERR: 无法加载模块:Public

[ 2018-01-11T11:38:15+08:00 ] 127.0.0.1 /Public/%E5%BE%AE%E4%BF%A1%E7%BC%B4%E8%B4%B9%E4%BF%AE%E6%94%B9%E7%89%88/fonts/mui.ttf
INFO: [ app_init ] --START--
INFO: Run Behavior\BuildLiteBehavior [ RunTime:0.000020s ]
INFO: [ app_init ] --END-- [ RunTime:0.000641s ]
ERR: 无法加载模块:Public

[ 2018-01-11T11:38:57+08:00 ] 127.0.0.1 /Public/Home//Public/Home/images/cbd.jpg
INFO: [ app_init ] --START--
INFO: Run Behavior\BuildLiteBehavior [ RunTime:0.000018s ]
INFO: [ app_init ] --END-- [ RunTime:0.000655s ]
ERR: 无法加载模块:Public

[ 2018-01-11T11:38:57+08:00 ] 127.0.0.1 /Public/%E5%BE%AE%E4%BF%A1%E7%BC%B4%E8%B4%B9%E4%BF%AE%E6%94%B9%E7%89%88/fonts/mui.ttf
INFO: [ app_init ] --START--
INFO: Run Behavior\BuildLiteBehavior [ RunTime:0.000012s ]
INFO: [ app_init ] --END-- [ RunTime:0.000482s ]
ERR: 无法加载模块:Public

[ 2018-01-11T11:39:47+08:00 ] 127.0.0.1 /Public/Home//Public/Home/images/cbd.jpg
INFO: [ app_init ] --START--
INFO: Run Behavior\BuildLiteBehavior [ RunTime:0.000020s ]
INFO: [ app_init ] --END-- [ RunTime:0.000709s ]
ERR: 无法加载模块:Public

[ 2018-01-11T11:39:47+08:00 ] 127.0.0.1 /Public/%E5%BE%AE%E4%BF%A1%E7%BC%B4%E8%B4%B9%E4%BF%AE%E6%94%B9%E7%89%88/fonts/mui.ttf
INFO: [ app_init ] --START--
INFO: Run Behavior\BuildLiteBehavior [ RunTime:0.000019s ]
INFO: [ app_init ] --END-- [ RunTime:0.000512s ]
ERR: 无法加载模块:Public

[ 2018-01-11T11:39:48+08:00 ] 127.0.0.1 /Public/Home//Public/Home/images/cbd.jpg
INFO: [ app_init ] --START--
INFO: Run Behavior\BuildLiteBehavior [ RunTime:0.000020s ]
INFO: [ app_init ] --END-- [ RunTime:0.000727s ]
ERR: 无法加载模块:Public

[ 2018-01-11T11:39:48+08:00 ] 127.0.0.1 /Public/%E5%BE%AE%E4%BF%A1%E7%BC%B4%E8%B4%B9%E4%BF%AE%E6%94%B9%E7%89%88/fonts/mui.ttf
INFO: [ app_init ] --START--
INFO: Run Behavior\BuildLiteBehavior [ RunTime:0.000017s ]
INFO: [ app_init ] --END-- [ RunTime:0.000432s ]
ERR: 无法加载模块:Public

[ 2018-01-11T11:39:48+08:00 ] 127.0.0.1 /Public/Home//Public/Home/images/cbd.jpg
INFO: [ app_init ] --START--
INFO: Run Behavior\BuildLiteBehavior [ RunTime:0.000015s ]
INFO: [ app_init ] --END-- [ RunTime:0.000425s ]
ERR: 无法加载模块:Public

[ 2018-01-11T11:39:48+08:00 ] 127.0.0.1 /Public/%E5%BE%AE%E4%BF%A1%E7%BC%B4%E8%B4%B9%E4%BF%AE%E6%94%B9%E7%89%88/fonts/mui.ttf
INFO: [ app_init ] --START--
INFO: Run Behavior\BuildLiteBehavior [ RunTime:0.000021s ]
INFO: [ app_init ] --END-- [ RunTime:0.000665s ]
ERR: 无法加载模块:Public

[ 2018-01-11T11:39:48+08:00 ] 127.0.0.1 /Public/Home//Public/Home/images/cbd.jpg
INFO: [ app_init ] --START--
INFO: Run Behavior\BuildLiteBehavior [ RunTime:0.000020s ]
INFO: [ app_init ] --END-- [ RunTime:0.000678s ]
ERR: 无法加载模块:Public

[ 2018-01-11T11:39:48+08:00 ] 127.0.0.1 /Public/%E5%BE%AE%E4%BF%A1%E7%BC%B4%E8%B4%B9%E4%BF%AE%E6%94%B9%E7%89%88/fonts/mui.ttf
INFO: [ app_init ] --START--
INFO: Run Behavior\BuildLiteBehavior [ RunTime:0.000020s ]
INFO: [ app_init ] --END-- [ RunTime:0.000854s ]
ERR: 无法加载模块:Public

[ 2018-01-11T11:39:48+08:00 ] 127.0.0.1 /Public/Home//Public/Home/images/cbd.jpg
INFO: [ app_init ] --START--
INFO: Run Behavior\BuildLiteBehavior [ RunTime:0.000013s ]
INFO: [ app_init ] --END-- [ RunTime:0.000453s ]
ERR: 无法加载模块:Public

[ 2018-01-11T11:39:48+08:00 ] 127.0.0.1 /Public/%E5%BE%AE%E4%BF%A1%E7%BC%B4%E8%B4%B9%E4%BF%AE%E6%94%B9%E7%89%88/fonts/mui.ttf
INFO: [ app_init ] --START--
INFO: Run Behavior\BuildLiteBehavior [ RunTime:0.000021s ]
INFO: [ app_init ] --END-- [ RunTime:0.000690s ]
ERR: 无法加载模块:Public

[ 2018-01-11T11:39:48+08:00 ] 127.0.0.1 /Public/Home//Public/Home/images/cbd.jpg
INFO: [ app_init ] --START--
INFO: Run Behavior\BuildLiteBehavior [ RunTime:0.000020s ]
INFO: [ app_init ] --END-- [ RunTime:0.000705s ]
ERR: 无法加载模块:Public

[ 2018-01-11T11:39:48+08:00 ] 127.0.0.1 /Public/%E5%BE%AE%E4%BF%A1%E7%BC%B4%E8%B4%B9%E4%BF%AE%E6%94%B9%E7%89%88/fonts/mui.ttf
INFO: [ app_init ] --START--
INFO: Run Behavior\BuildLiteBehavior [ RunTime:0.000021s ]
INFO: [ app_init ] --END-- [ RunTime:0.000771s ]
ERR: 无法加载模块:Public

[ 2018-01-11T11:40:02+08:00 ] 127.0.0.1 /Public/Home//Public/Home/images/cbd.jpg
INFO: [ app_init ] --START--
INFO: Run Behavior\BuildLiteBehavior [ RunTime:0.000016s ]
INFO: [ app_init ] --END-- [ RunTime:0.000590s ]
ERR: 无法加载模块:Public

[ 2018-01-11T11:40:02+08:00 ] 127.0.0.1 /Public/%E5%BE%AE%E4%BF%A1%E7%BC%B4%E8%B4%B9%E4%BF%AE%E6%94%B9%E7%89%88/fonts/mui.ttf
INFO: [ app_init ] --START--
INFO: Run Behavior\BuildLiteBehavior [ RunTime:0.000016s ]
INFO: [ app_init ] --END-- [ RunTime:0.000442s ]
ERR: 无法加载模块:Public

[ 2018-01-11T11:40:02+08:00 ] 127.0.0.1 /Public/Home//Public/Home/images/cbd.jpg
INFO: [ app_init ] --START--
INFO: Run Behavior\BuildLiteBehavior [ RunTime:0.000021s ]
INFO: [ app_init ] --END-- [ RunTime:0.000748s ]
ERR: 无法加载模块:Public

[ 2018-01-11T11:40:02+08:00 ] 127.0.0.1 /Public/%E5%BE%AE%E4%BF%A1%E7%BC%B4%E8%B4%B9%E4%BF%AE%E6%94%B9%E7%89%88/fonts/mui.ttf
INFO: [ app_init ] --START--
INFO: Run Behavior\BuildLiteBehavior [ RunTime:0.000022s ]
INFO: [ app_init ] --END-- [ RunTime:0.001429s ]
ERR: 无法加载模块:Public

[ 2018-01-11T11:40:03+08:00 ] 127.0.0.1 /Public/Home//Public/Home/images/cbd.jpg
INFO: [ app_init ] --START--
INFO: Run Behavior\BuildLiteBehavior [ RunTime:0.000011s ]
INFO: [ app_init ] --END-- [ RunTime:0.000386s ]
ERR: 无法加载模块:Public

[ 2018-01-11T11:40:03+08:00 ] 127.0.0.1 /Public/%E5%BE%AE%E4%BF%A1%E7%BC%B4%E8%B4%B9%E4%BF%AE%E6%94%B9%E7%89%88/fonts/mui.ttf
INFO: [ app_init ] --START--
INFO: Run Behavior\BuildLiteBehavior [ RunTime:0.000021s ]
INFO: [ app_init ] --END-- [ RunTime:0.001500s ]
ERR: 无法加载模块:Public

[ 2018-01-11T11:40:03+08:00 ] 127.0.0.1 /Public/Home//Public/Home/images/cbd.jpg
INFO: [ app_init ] --START--
INFO: Run Behavior\BuildLiteBehavior [ RunTime:0.000023s ]
INFO: [ app_init ] --END-- [ RunTime:0.000665s ]
ERR: 无法加载模块:Public

[ 2018-01-11T11:40:03+08:00 ] 127.0.0.1 /Public/%E5%BE%AE%E4%BF%A1%E7%BC%B4%E8%B4%B9%E4%BF%AE%E6%94%B9%E7%89%88/fonts/mui.ttf
INFO: [ app_init ] --START--
INFO: Run Behavior\BuildLiteBehavior [ RunTime:0.000042s ]
INFO: [ app_init ] --END-- [ RunTime:0.000634s ]
ERR: 无法加载模块:Public

[ 2018-01-11T11:40:03+08:00 ] 127.0.0.1 /Public/Home//Public/Home/images/cbd.jpg
INFO: [ app_init ] --START--
INFO: Run Behavior\BuildLiteBehavior [ RunTime:0.000020s ]
INFO: [ app_init ] --END-- [ RunTime:0.000570s ]
ERR: 无法加载模块:Public

[ 2018-01-11T11:40:03+08:00 ] 127.0.0.1 /Public/%E5%BE%AE%E4%BF%A1%E7%BC%B4%E8%B4%B9%E4%BF%AE%E6%94%B9%E7%89%88/fonts/mui.ttf
INFO: [ app_init ] --START--
INFO: Run Behavior\BuildLiteBehavior [ RunTime:0.000012s ]
INFO: [ app_init ] --END-- [ RunTime:0.000382s ]
ERR: 无法加载模块:Public

[ 2018-01-11T11:40:03+08:00 ] 127.0.0.1 /Public/Home//Public/Home/images/cbd.jpg
INFO: [ app_init ] --START--
INFO: Run Behavior\BuildLiteBehavior [ RunTime:0.000022s ]
INFO: [ app_init ] --END-- [ RunTime:0.000780s ]
ERR: 无法加载模块:Public

[ 2018-01-11T11:40:03+08:00 ] 127.0.0.1 /Public/%E5%BE%AE%E4%BF%A1%E7%BC%B4%E8%B4%B9%E4%BF%AE%E6%94%B9%E7%89%88/fonts/mui.ttf
INFO: [ app_init ] --START--
INFO: Run Behavior\BuildLiteBehavior [ RunTime:0.000011s ]
INFO: [ app_init ] --END-- [ RunTime:0.000392s ]
ERR: 无法加载模块:Public

[ 2018-01-11T11:40:03+08:00 ] 127.0.0.1 /Public/Home//Public/Home/images/cbd.jpg
INFO: [ app_init ] --START--
INFO: Run Behavior\BuildLiteBehavior [ RunTime:0.000013s ]
INFO: [ app_init ] --END-- [ RunTime:0.000391s ]
ERR: 无法加载模块:Public

[ 2018-01-11T11:40:03+08:00 ] 127.0.0.1 /Public/%E5%BE%AE%E4%BF%A1%E7%BC%B4%E8%B4%B9%E4%BF%AE%E6%94%B9%E7%89%88/fonts/mui.ttf
INFO: [ app_init ] --START--
INFO: Run Behavior\BuildLiteBehavior [ RunTime:0.000021s ]
INFO: [ app_init ] --END-- [ RunTime:0.000699s ]
ERR: 无法加载模块:Public

[ 2018-01-11T11:40:57+08:00 ] 127.0.0.1 /Public/Home//Public/Home/images/cbd.jpg
INFO: [ app_init ] --START--
INFO: Run Behavior\BuildLiteBehavior [ RunTime:0.000021s ]
INFO: [ app_init ] --END-- [ RunTime:0.000713s ]
ERR: 无法加载模块:Public

[ 2018-01-11T11:40:57+08:00 ] 127.0.0.1 /Public/%E5%BE%AE%E4%BF%A1%E7%BC%B4%E8%B4%B9%E4%BF%AE%E6%94%B9%E7%89%88/fonts/mui.ttf
INFO: [ app_init ] --START--
INFO: Run Behavior\BuildLiteBehavior [ RunTime:0.000011s ]
INFO: [ app_init ] --END-- [ RunTime:0.000379s ]
ERR: 无法加载模块:Public

[ 2018-01-11T11:40:58+08:00 ] 127.0.0.1 /Public/Home//Public/Home/images/cbd.jpg
INFO: [ app_init ] --START--
INFO: Run Behavior\BuildLiteBehavior [ RunTime:0.000012s ]
INFO: [ app_init ] --END-- [ RunTime:0.000390s ]
ERR: 无法加载模块:Public

[ 2018-01-11T11:40:58+08:00 ] 127.0.0.1 /Public/%E5%BE%AE%E4%BF%A1%E7%BC%B4%E8%B4%B9%E4%BF%AE%E6%94%B9%E7%89%88/fonts/mui.ttf
INFO: [ app_init ] --START--
INFO: Run Behavior\BuildLiteBehavior [ RunTime:0.000025s ]
INFO: [ app_init ] --END-- [ RunTime:0.001287s ]
ERR: 无法加载模块:Public

[ 2018-01-11T11:40:58+08:00 ] 127.0.0.1 /Public/Home//Public/Home/images/cbd.jpg
INFO: [ app_init ] --START--
INFO: Run Behavior\BuildLiteBehavior [ RunTime:0.000010s ]
INFO: [ app_init ] --END-- [ RunTime:0.000376s ]
ERR: 无法加载模块:Public

[ 2018-01-11T11:40:58+08:00 ] 127.0.0.1 /Public/%E5%BE%AE%E4%BF%A1%E7%BC%B4%E8%B4%B9%E4%BF%AE%E6%94%B9%E7%89%88/fonts/mui.ttf
INFO: [ app_init ] --START--
INFO: Run Behavior\BuildLiteBehavior [ RunTime:0.000011s ]
INFO: [ app_init ] --END-- [ RunTime:0.000375s ]
ERR: 无法加载模块:Public

[ 2018-01-11T11:40:58+08:00 ] 127.0.0.1 /Public/Home//Public/Home/images/cbd.jpg
INFO: [ app_init ] --START--
INFO: Run Behavior\BuildLiteBehavior [ RunTime:0.000012s ]
INFO: [ app_init ] --END-- [ RunTime:0.000392s ]
ERR: 无法加载模块:Public

[ 2018-01-11T11:40:58+08:00 ] 127.0.0.1 /Public/%E5%BE%AE%E4%BF%A1%E7%BC%B4%E8%B4%B9%E4%BF%AE%E6%94%B9%E7%89%88/fonts/mui.ttf
INFO: [ app_init ] --START--
INFO: Run Behavior\BuildLiteBehavior [ RunTime:0.000012s ]
INFO: [ app_init ] --END-- [ RunTime:0.000403s ]
ERR: 无法加载模块:Public

[ 2018-01-11T11:41:30+08:00 ] 127.0.0.1 /Public/Home//Public/Home/images/cbd.jpg
INFO: [ app_init ] --START--
INFO: Run Behavior\BuildLiteBehavior [ RunTime:0.000015s ]
INFO: [ app_init ] --END-- [ RunTime:0.000484s ]
ERR: 无法加载模块:Public

[ 2018-01-11T11:41:31+08:00 ] 127.0.0.1 /Public/%E5%BE%AE%E4%BF%A1%E7%BC%B4%E8%B4%B9%E4%BF%AE%E6%94%B9%E7%89%88/fonts/mui.ttf
INFO: [ app_init ] --START--
INFO: Run Behavior\BuildLiteBehavior [ RunTime:0.000017s ]
INFO: [ app_init ] --END-- [ RunTime:0.000713s ]
ERR: 无法加载模块:Public

[ 2018-01-11T11:41:31+08:00 ] 127.0.0.1 /Public/Home//Public/Home/images/cbd.jpg
INFO: [ app_init ] --START--
INFO: Run Behavior\BuildLiteBehavior [ RunTime:0.000013s ]
INFO: [ app_init ] --END-- [ RunTime:0.000472s ]
ERR: 无法加载模块:Public

[ 2018-01-11T11:41:31+08:00 ] 127.0.0.1 /Public/%E5%BE%AE%E4%BF%A1%E7%BC%B4%E8%B4%B9%E4%BF%AE%E6%94%B9%E7%89%88/fonts/mui.ttf
INFO: [ app_init ] --START--
INFO: Run Behavior\BuildLiteBehavior [ RunTime:0.000019s ]
INFO: [ app_init ] --END-- [ RunTime:0.000617s ]
ERR: 无法加载模块:Public

[ 2018-01-11T11:41:31+08:00 ] 127.0.0.1 /Public/Home//Public/Home/images/cbd.jpg
INFO: [ app_init ] --START--
INFO: Run Behavior\BuildLiteBehavior [ RunTime:0.000019s ]
INFO: [ app_init ] --END-- [ RunTime:0.000555s ]
ERR: 无法加载模块:Public

[ 2018-01-11T11:41:31+08:00 ] 127.0.0.1 /Public/%E5%BE%AE%E4%BF%A1%E7%BC%B4%E8%B4%B9%E4%BF%AE%E6%94%B9%E7%89%88/fonts/mui.ttf
INFO: [ app_init ] --START--
INFO: Run Behavior\BuildLiteBehavior [ RunTime:0.000026s ]
INFO: [ app_init ] --END-- [ RunTime:0.003525s ]
ERR: 无法加载模块:Public

[ 2018-01-11T11:42:43+08:00 ] 127.0.0.1 /Public/Home//Public/Home/images/cbd.jpg
INFO: [ app_init ] --START--
INFO: Run Behavior\BuildLiteBehavior [ RunTime:0.000021s ]
INFO: [ app_init ] --END-- [ RunTime:0.001183s ]
ERR: 无法加载模块:Public

[ 2018-01-11T11:42:43+08:00 ] 127.0.0.1 /Public/%E5%BE%AE%E4%BF%A1%E7%BC%B4%E8%B4%B9%E4%BF%AE%E6%94%B9%E7%89%88/fonts/mui.ttf
INFO: [ app_init ] --START--
INFO: Run Behavior\BuildLiteBehavior [ RunTime:0.000022s ]
INFO: [ app_init ] --END-- [ RunTime:0.000789s ]
ERR: 无法加载模块:Public

[ 2018-01-11T11:43:46+08:00 ] 127.0.0.1 /Public/Home//Public/Home/images/cbd.jpg
INFO: [ app_init ] --START--
INFO: Run Behavior\BuildLiteBehavior [ RunTime:0.000022s ]
INFO: [ app_init ] --END-- [ RunTime:0.000718s ]
ERR: 无法加载模块:Public

[ 2018-01-11T11:43:46+08:00 ] 127.0.0.1 /Public/%E5%BE%AE%E4%BF%A1%E7%BC%B4%E8%B4%B9%E4%BF%AE%E6%94%B9%E7%89%88/fonts/mui.ttf
INFO: [ app_init ] --START--
INFO: Run Behavior\BuildLiteBehavior [ RunTime:0.000011s ]
INFO: [ app_init ] --END-- [ RunTime:0.000399s ]
ERR: 无法加载模块:Public

[ 2018-01-11T11:45:58+08:00 ] 127.0.0.1 /Public/Home//Public/Home/images/cbd.jpg
INFO: [ app_init ] --START--
INFO: Run Behavior\BuildLiteBehavior [ RunTime:0.000019s ]
INFO: [ app_init ] --END-- [ RunTime:0.000614s ]
ERR: 无法加载模块:Public

[ 2018-01-11T11:45:58+08:00 ] 127.0.0.1 /Public/%E5%BE%AE%E4%BF%A1%E7%BC%B4%E8%B4%B9%E4%BF%AE%E6%94%B9%E7%89%88/fonts/mui.ttf
INFO: [ app_init ] --START--
INFO: Run Behavior\BuildLiteBehavior [ RunTime:0.000021s ]
INFO: [ app_init ] --END-- [ RunTime:0.000760s ]
ERR: 无法加载模块:Public

[ 2018-01-11T11:48:39+08:00 ] 127.0.0.1 /Public/Home//Public/Home/images/cbd.jpg
INFO: [ app_init ] --START--
INFO: Run Behavior\BuildLiteBehavior [ RunTime:0.000022s ]
INFO: [ app_init ] --END-- [ RunTime:0.000826s ]
ERR: 无法加载模块:Public

[ 2018-01-11T11:48:39+08:00 ] 127.0.0.1 /Public/%E5%BE%AE%E4%BF%A1%E7%BC%B4%E8%B4%B9%E4%BF%AE%E6%94%B9%E7%89%88/fonts/mui.ttf
INFO: [ app_init ] --START--
INFO: Run Behavior\BuildLiteBehavior [ RunTime:0.000020s ]
INFO: [ app_init ] --END-- [ RunTime:0.000455s ]
ERR: 无法加载模块:Public

[ 2018-01-11T11:48:40+08:00 ] 127.0.0.1 /Public/Home//Public/Home/images/cbd.jpg
INFO: [ app_init ] --START--
INFO: Run Behavior\BuildLiteBehavior [ RunTime:0.000020s ]
INFO: [ app_init ] --END-- [ RunTime:0.000601s ]
ERR: 无法加载模块:Public

[ 2018-01-11T11:48:40+08:00 ] 127.0.0.1 /Public/%E5%BE%AE%E4%BF%A1%E7%BC%B4%E8%B4%B9%E4%BF%AE%E6%94%B9%E7%89%88/fonts/mui.ttf
INFO: [ app_init ] --START--
INFO: Run Behavior\BuildLiteBehavior [ RunTime:0.000018s ]
INFO: [ app_init ] --END-- [ RunTime:0.000481s ]
ERR: 无法加载模块:Public

[ 2018-01-11T11:48:40+08:00 ] 127.0.0.1 /Public/Home//Public/Home/images/cbd.jpg
INFO: [ app_init ] --START--
INFO: Run Behavior\BuildLiteBehavior [ RunTime:0.000011s ]
INFO: [ app_init ] --END-- [ RunTime:0.000405s ]
ERR: 无法加载模块:Public

[ 2018-01-11T11:48:40+08:00 ] 127.0.0.1 /Public/%E5%BE%AE%E4%BF%A1%E7%BC%B4%E8%B4%B9%E4%BF%AE%E6%94%B9%E7%89%88/fonts/mui.ttf
INFO: [ app_init ] --START--
INFO: Run Behavior\BuildLiteBehavior [ RunTime:0.000020s ]
INFO: [ app_init ] --END-- [ RunTime:0.000550s ]
ERR: 无法加载模块:Public

[ 2018-01-11T11:48:40+08:00 ] 127.0.0.1 /Public/Home//Public/Home/images/cbd.jpg
INFO: [ app_init ] --START--
INFO: Run Behavior\BuildLiteBehavior [ RunTime:0.000020s ]
INFO: [ app_init ] --END-- [ RunTime:0.000619s ]
ERR: 无法加载模块:Public

[ 2018-01-11T11:48:41+08:00 ] 127.0.0.1 /Public/%E5%BE%AE%E4%BF%A1%E7%BC%B4%E8%B4%B9%E4%BF%AE%E6%94%B9%E7%89%88/fonts/mui.ttf
INFO: [ app_init ] --START--
INFO: Run Behavior\BuildLiteBehavior [ RunTime:0.000029s ]
INFO: [ app_init ] --END-- [ RunTime:0.001220s ]
ERR: 无法加载模块:Public

[ 2018-01-11T11:48:41+08:00 ] 127.0.0.1 /Public/Home//Public/Home/images/cbd.jpg
INFO: [ app_init ] --START--
INFO: Run Behavior\BuildLiteBehavior [ RunTime:0.000012s ]
INFO: [ app_init ] --END-- [ RunTime:0.000400s ]
ERR: 无法加载模块:Public

[ 2018-01-11T11:48:41+08:00 ] 127.0.0.1 /Public/%E5%BE%AE%E4%BF%A1%E7%BC%B4%E8%B4%B9%E4%BF%AE%E6%94%B9%E7%89%88/fonts/mui.ttf
INFO: [ app_init ] --START--
INFO: Run Behavior\BuildLiteBehavior [ RunTime:0.000011s ]
INFO: [ app_init ] --END-- [ RunTime:0.000372s ]
ERR: 无法加载模块:Public

[ 2018-01-11T11:48:41+08:00 ] 127.0.0.1 /Public/Home//Public/Home/images/cbd.jpg
INFO: [ app_init ] --START--
INFO: Run Behavior\BuildLiteBehavior [ RunTime:0.000011s ]
INFO: [ app_init ] --END-- [ RunTime:0.000391s ]
ERR: 无法加载模块:Public

[ 2018-01-11T11:48:41+08:00 ] 127.0.0.1 /Public/%E5%BE%AE%E4%BF%A1%E7%BC%B4%E8%B4%B9%E4%BF%AE%E6%94%B9%E7%89%88/fonts/mui.ttf
INFO: [ app_init ] --START--
INFO: Run Behavior\BuildLiteBehavior [ RunTime:0.000013s ]
INFO: [ app_init ] --END-- [ RunTime:0.000566s ]
ERR: 无法加载模块:Public

[ 2018-01-11T11:48:41+08:00 ] 127.0.0.1 /Public/Home//Public/Home/images/cbd.jpg
INFO: [ app_init ] --START--
INFO: Run Behavior\BuildLiteBehavior [ RunTime:0.000019s ]
INFO: [ app_init ] --END-- [ RunTime:0.000689s ]
ERR: 无法加载模块:Public

[ 2018-01-11T11:48:41+08:00 ] 127.0.0.1 /Public/%E5%BE%AE%E4%BF%A1%E7%BC%B4%E8%B4%B9%E4%BF%AE%E6%94%B9%E7%89%88/fonts/mui.ttf
INFO: [ app_init ] --START--
INFO: Run Behavior\BuildLiteBehavior [ RunTime:0.000012s ]
INFO: [ app_init ] --END-- [ RunTime:0.000368s ]
ERR: 无法加载模块:Public

[ 2018-01-11T11:48:53+08:00 ] 127.0.0.1 /Public/Home//Public/Home/images/cbd.jpg
INFO: [ app_init ] --START--
INFO: Run Behavior\BuildLiteBehavior [ RunTime:0.000020s ]
INFO: [ app_init ] --END-- [ RunTime:0.000627s ]
ERR: 无法加载模块:Public

[ 2018-01-11T11:48:53+08:00 ] 127.0.0.1 /Public/%E5%BE%AE%E4%BF%A1%E7%BC%B4%E8%B4%B9%E4%BF%AE%E6%94%B9%E7%89%88/fonts/mui.ttf
INFO: [ app_init ] --START--
INFO: Run Behavior\BuildLiteBehavior [ RunTime:0.000016s ]
INFO: [ app_init ] --END-- [ RunTime:0.000555s ]
ERR: 无法加载模块:Public

[ 2018-01-11T11:48:54+08:00 ] 127.0.0.1 /Public/Home//Public/Home/images/cbd.jpg
INFO: [ app_init ] --START--
INFO: Run Behavior\BuildLiteBehavior [ RunTime:0.000015s ]
INFO: [ app_init ] --END-- [ RunTime:0.000931s ]
ERR: 无法加载模块:Public

[ 2018-01-11T11:48:54+08:00 ] 127.0.0.1 /Public/%E5%BE%AE%E4%BF%A1%E7%BC%B4%E8%B4%B9%E4%BF%AE%E6%94%B9%E7%89%88/fonts/mui.ttf
INFO: [ app_init ] --START--
INFO: Run Behavior\BuildLiteBehavior [ RunTime:0.000020s ]
INFO: [ app_init ] --END-- [ RunTime:0.000737s ]
ERR: 无法加载模块:Public

[ 2018-01-11T11:48:54+08:00 ] 127.0.0.1 /Public/Home//Public/Home/images/cbd.jpg
INFO: [ app_init ] --START--
INFO: Run Behavior\BuildLiteBehavior [ RunTime:0.000011s ]
INFO: [ app_init ] --END-- [ RunTime:0.000389s ]
ERR: 无法加载模块:Public

[ 2018-01-11T11:48:54+08:00 ] 127.0.0.1 /Public/%E5%BE%AE%E4%BF%A1%E7%BC%B4%E8%B4%B9%E4%BF%AE%E6%94%B9%E7%89%88/fonts/mui.ttf
INFO: [ app_init ] --START--
INFO: Run Behavior\BuildLiteBehavior [ RunTime:0.000020s ]
INFO: [ app_init ] --END-- [ RunTime:0.000616s ]
ERR: 无法加载模块:Public

[ 2018-01-11T11:48:54+08:00 ] 127.0.0.1 /Public/Home//Public/Home/images/cbd.jpg
INFO: [ app_init ] --START--
INFO: Run Behavior\BuildLiteBehavior [ RunTime:0.000021s ]
INFO: [ app_init ] --END-- [ RunTime:0.000777s ]
ERR: 无法加载模块:Public

[ 2018-01-11T11:48:54+08:00 ] 127.0.0.1 /Public/%E5%BE%AE%E4%BF%A1%E7%BC%B4%E8%B4%B9%E4%BF%AE%E6%94%B9%E7%89%88/fonts/mui.ttf
INFO: [ app_init ] --START--
INFO: Run Behavior\BuildLiteBehavior [ RunTime:0.000020s ]
INFO: [ app_init ] --END-- [ RunTime:0.000830s ]
ERR: 无法加载模块:Public

[ 2018-01-11T11:48:54+08:00 ] 127.0.0.1 /Public/Home//Public/Home/images/cbd.jpg
INFO: [ app_init ] --START--
INFO: Run Behavior\BuildLiteBehavior [ RunTime:0.000014s ]
INFO: [ app_init ] --END-- [ RunTime:0.000722s ]
ERR: 无法加载模块:Public

[ 2018-01-11T11:48:54+08:00 ] 127.0.0.1 /Public/%E5%BE%AE%E4%BF%A1%E7%BC%B4%E8%B4%B9%E4%BF%AE%E6%94%B9%E7%89%88/fonts/mui.ttf
INFO: [ app_init ] --START--
INFO: Run Behavior\BuildLiteBehavior [ RunTime:0.000029s ]
INFO: [ app_init ] --END-- [ RunTime:0.002418s ]
ERR: 无法加载模块:Public

[ 2018-01-11T11:53:52+08:00 ] 127.0.0.1 /Public/Home//Public/Home/images/cbd.jpg
INFO: [ app_init ] --START--
INFO: Run Behavior\BuildLiteBehavior [ RunTime:0.000012s ]
INFO: [ app_init ] --END-- [ RunTime:0.000502s ]
ERR: 无法加载模块:Public

[ 2018-01-11T11:53:52+08:00 ] 127.0.0.1 /Public/%E5%BE%AE%E4%BF%A1%E7%BC%B4%E8%B4%B9%E4%BF%AE%E6%94%B9%E7%89%88/fonts/mui.ttf
INFO: [ app_init ] --START--
INFO: Run Behavior\BuildLiteBehavior [ RunTime:0.000014s ]
INFO: [ app_init ] --END-- [ RunTime:0.000603s ]
ERR: 无法加载模块:Public

[ 2018-01-11T11:54:05+08:00 ] 127.0.0.1 /Public/Home//Public/Home/images/cbd.jpg
INFO: [ app_init ] --START--
INFO: Run Behavior\BuildLiteBehavior [ RunTime:0.000020s ]
INFO: [ app_init ] --END-- [ RunTime:0.000709s ]
ERR: 无法加载模块:Public

[ 2018-01-11T11:54:05+08:00 ] 127.0.0.1 /Public/%E5%BE%AE%E4%BF%A1%E7%BC%B4%E8%B4%B9%E4%BF%AE%E6%94%B9%E7%89%88/fonts/mui.ttf
INFO: [ app_init ] --START--
INFO: Run Behavior\BuildLiteBehavior [ RunTime:0.000019s ]
INFO: [ app_init ] --END-- [ RunTime:0.000642s ]
ERR: 无法加载模块:Public

[ 2018-01-11T11:54:06+08:00 ] 127.0.0.1 /Public/Home//Public/Home/images/cbd.jpg
INFO: [ app_init ] --START--
INFO: Run Behavior\BuildLiteBehavior [ RunTime:0.000011s ]
INFO: [ app_init ] --END-- [ RunTime:0.000391s ]
ERR: 无法加载模块:Public

[ 2018-01-11T11:54:06+08:00 ] 127.0.0.1 /Public/%E5%BE%AE%E4%BF%A1%E7%BC%B4%E8%B4%B9%E4%BF%AE%E6%94%B9%E7%89%88/fonts/mui.ttf
INFO: [ app_init ] --START--
INFO: Run Behavior\BuildLiteBehavior [ RunTime:0.000018s ]
INFO: [ app_init ] --END-- [ RunTime:0.000619s ]
ERR: 无法加载模块:Public

[ 2018-01-11T11:54:06+08:00 ] 127.0.0.1 /Public/Home//Public/Home/images/cbd.jpg
INFO: [ app_init ] --START--
INFO: Run Behavior\BuildLiteBehavior [ RunTime:0.000022s ]
INFO: [ app_init ] --END-- [ RunTime:0.000879s ]
ERR: 无法加载模块:Public

[ 2018-01-11T11:54:06+08:00 ] 127.0.0.1 /Public/%E5%BE%AE%E4%BF%A1%E7%BC%B4%E8%B4%B9%E4%BF%AE%E6%94%B9%E7%89%88/fonts/mui.ttf
INFO: [ app_init ] --START--
INFO: Run Behavior\BuildLiteBehavior [ RunTime:0.000040s ]
INFO: [ app_init ] --END-- [ RunTime:0.000777s ]
ERR: 无法加载模块:Public

[ 2018-01-11T11:54:06+08:00 ] 127.0.0.1 /Public/Home//Public/Home/images/cbd.jpg
INFO: [ app_init ] --START--
INFO: Run Behavior\BuildLiteBehavior [ RunTime:0.000018s ]
INFO: [ app_init ] --END-- [ RunTime:0.000572s ]
ERR: 无法加载模块:Public

[ 2018-01-11T11:54:06+08:00 ] 127.0.0.1 /Public/%E5%BE%AE%E4%BF%A1%E7%BC%B4%E8%B4%B9%E4%BF%AE%E6%94%B9%E7%89%88/fonts/mui.ttf
INFO: [ app_init ] --START--
INFO: Run Behavior\BuildLiteBehavior [ RunTime:0.000027s ]
INFO: [ app_init ] --END-- [ RunTime:0.000798s ]
ERR: 无法加载模块:Public

[ 2018-01-11T11:54:07+08:00 ] 127.0.0.1 /Public/Home//Public/Home/images/cbd.jpg
INFO: [ app_init ] --START--
INFO: Run Behavior\BuildLiteBehavior [ RunTime:0.000012s ]
INFO: [ app_init ] --END-- [ RunTime:0.000469s ]
ERR: 无法加载模块:Public

[ 2018-01-11T11:54:07+08:00 ] 127.0.0.1 /Public/%E5%BE%AE%E4%BF%A1%E7%BC%B4%E8%B4%B9%E4%BF%AE%E6%94%B9%E7%89%88/fonts/mui.ttf
INFO: [ app_init ] --START--
INFO: Run Behavior\BuildLiteBehavior [ RunTime:0.000017s ]
INFO: [ app_init ] --END-- [ RunTime:0.000408s ]
ERR: 无法加载模块:Public

[ 2018-01-11T11:54:07+08:00 ] 127.0.0.1 /Public/Home//Public/Home/images/cbd.jpg
INFO: [ app_init ] --START--
INFO: Run Behavior\BuildLiteBehavior [ RunTime:0.000042s ]
INFO: [ app_init ] --END-- [ RunTime:0.001056s ]
ERR: 无法加载模块:Public

[ 2018-01-11T11:54:07+08:00 ] 127.0.0.1 /Public/%E5%BE%AE%E4%BF%A1%E7%BC%B4%E8%B4%B9%E4%BF%AE%E6%94%B9%E7%89%88/fonts/mui.ttf
INFO: [ app_init ] --START--
INFO: Run Behavior\BuildLiteBehavior [ RunTime:0.000011s ]
INFO: [ app_init ] --END-- [ RunTime:0.000372s ]
ERR: 无法加载模块:Public

[ 2018-01-11T11:54:23+08:00 ] 127.0.0.1 /Public/Home//Public/Home/images/cbd.jpg
INFO: [ app_init ] --START--
INFO: Run Behavior\BuildLiteBehavior [ RunTime:0.000018s ]
INFO: [ app_init ] --END-- [ RunTime:0.000597s ]
ERR: 无法加载模块:Public

[ 2018-01-11T11:54:23+08:00 ] 127.0.0.1 /Public/%E5%BE%AE%E4%BF%A1%E7%BC%B4%E8%B4%B9%E4%BF%AE%E6%94%B9%E7%89%88/fonts/mui.ttf
INFO: [ app_init ] --START--
INFO: Run Behavior\BuildLiteBehavior [ RunTime:0.000019s ]
INFO: [ app_init ] --END-- [ RunTime:0.000608s ]
ERR: 无法加载模块:Public

[ 2018-01-11T11:54:23+08:00 ] 127.0.0.1 /Public/Home//Public/Home/images/cbd.jpg
INFO: [ app_init ] --START--
INFO: Run Behavior\BuildLiteBehavior [ RunTime:0.000024s ]
INFO: [ app_init ] --END-- [ RunTime:0.000758s ]
ERR: 无法加载模块:Public

[ 2018-01-11T11:54:23+08:00 ] 127.0.0.1 /Public/%E5%BE%AE%E4%BF%A1%E7%BC%B4%E8%B4%B9%E4%BF%AE%E6%94%B9%E7%89%88/fonts/mui.ttf
INFO: [ app_init ] --START--
INFO: Run Behavior\BuildLiteBehavior [ RunTime:0.000020s ]
INFO: [ app_init ] --END-- [ RunTime:0.000653s ]
ERR: 无法加载模块:Public

[ 2018-01-11T11:54:24+08:00 ] 127.0.0.1 /Public/Home//Public/Home/images/cbd.jpg
INFO: [ app_init ] --START--
INFO: Run Behavior\BuildLiteBehavior [ RunTime:0.000029s ]
INFO: [ app_init ] --END-- [ RunTime:0.000953s ]
ERR: 无法加载模块:Public

[ 2018-01-11T11:54:24+08:00 ] 127.0.0.1 /Public/%E5%BE%AE%E4%BF%A1%E7%BC%B4%E8%B4%B9%E4%BF%AE%E6%94%B9%E7%89%88/fonts/mui.ttf
INFO: [ app_init ] --START--
INFO: Run Behavior\BuildLiteBehavior [ RunTime:0.000019s ]
INFO: [ app_init ] --END-- [ RunTime:0.000472s ]
ERR: 无法加载模块:Public

[ 2018-01-11T11:54:24+08:00 ] 127.0.0.1 /Public/Home//Public/Home/images/cbd.jpg
INFO: [ app_init ] --START--
INFO: Run Behavior\BuildLiteBehavior [ RunTime:0.000013s ]
INFO: [ app_init ] --END-- [ RunTime:0.000451s ]
ERR: 无法加载模块:Public

[ 2018-01-11T11:54:24+08:00 ] 127.0.0.1 /Public/%E5%BE%AE%E4%BF%A1%E7%BC%B4%E8%B4%B9%E4%BF%AE%E6%94%B9%E7%89%88/fonts/mui.ttf
INFO: [ app_init ] --START--
INFO: Run Behavior\BuildLiteBehavior [ RunTime:0.000413s ]
INFO: [ app_init ] --END-- [ RunTime:0.001043s ]
ERR: 无法加载模块:Public

[ 2018-01-11T11:55:54+08:00 ] 127.0.0.1 /Public/Home//Public/Home/images/cbd.jpg
INFO: [ app_init ] --START--
INFO: Run Behavior\BuildLiteBehavior [ RunTime:0.000012s ]
INFO: [ app_init ] --END-- [ RunTime:0.000410s ]
ERR: 无法加载模块:Public

[ 2018-01-11T11:55:54+08:00 ] 127.0.0.1 /Public/%E5%BE%AE%E4%BF%A1%E7%BC%B4%E8%B4%B9%E4%BF%AE%E6%94%B9%E7%89%88/fonts/mui.ttf
INFO: [ app_init ] --START--
INFO: Run Behavior\BuildLiteBehavior [ RunTime:0.000020s ]
INFO: [ app_init ] --END-- [ RunTime:0.000668s ]
ERR: 无法加载模块:Public

[ 2018-01-11T11:57:16+08:00 ] 127.0.0.1 /Public/Home//Public/Home/images/cbd.jpg
INFO: [ app_init ] --START--
INFO: Run Behavior\BuildLiteBehavior [ RunTime:0.000018s ]
INFO: [ app_init ] --END-- [ RunTime:0.000571s ]
ERR: 无法加载模块:Public

[ 2018-01-11T11:57:16+08:00 ] 127.0.0.1 /Public/%E5%BE%AE%E4%BF%A1%E7%BC%B4%E8%B4%B9%E4%BF%AE%E6%94%B9%E7%89%88/fonts/mui.ttf
INFO: [ app_init ] --START--
INFO: Run Behavior\BuildLiteBehavior [ RunTime:0.000020s ]
INFO: [ app_init ] --END-- [ RunTime:0.000562s ]
ERR: 无法加载模块:Public

[ 2018-01-11T11:57:16+08:00 ] 127.0.0.1 /Public/Home//Public/Home/images/cbd.jpg
INFO: [ app_init ] --START--
INFO: Run Behavior\BuildLiteBehavior [ RunTime:0.000012s ]
INFO: [ app_init ] --END-- [ RunTime:0.000445s ]
ERR: 无法加载模块:Public

[ 2018-01-11T11:57:16+08:00 ] 127.0.0.1 /Public/%E5%BE%AE%E4%BF%A1%E7%BC%B4%E8%B4%B9%E4%BF%AE%E6%94%B9%E7%89%88/fonts/mui.ttf
INFO: [ app_init ] --START--
INFO: Run Behavior\BuildLiteBehavior [ RunTime:0.000013s ]
INFO: [ app_init ] --END-- [ RunTime:0.000399s ]
ERR: 无法加载模块:Public

[ 2018-01-11T11:57:17+08:00 ] 127.0.0.1 /Public/Home//Public/Home/images/cbd.jpg
INFO: [ app_init ] --START--
INFO: Run Behavior\BuildLiteBehavior [ RunTime:0.000022s ]
INFO: [ app_init ] --END-- [ RunTime:0.000707s ]
ERR: 无法加载模块:Public

[ 2018-01-11T11:57:17+08:00 ] 127.0.0.1 /Public/%E5%BE%AE%E4%BF%A1%E7%BC%B4%E8%B4%B9%E4%BF%AE%E6%94%B9%E7%89%88/fonts/mui.ttf
INFO: [ app_init ] --START--
INFO: Run Behavior\BuildLiteBehavior [ RunTime:0.000019s ]
INFO: [ app_init ] --END-- [ RunTime:0.000442s ]
ERR: 无法加载模块:Public

[ 2018-01-11T11:57:17+08:00 ] 127.0.0.1 /Public/Home//Public/Home/images/cbd.jpg
INFO: [ app_init ] --START--
INFO: Run Behavior\BuildLiteBehavior [ RunTime:0.000022s ]
INFO: [ app_init ] --END-- [ RunTime:0.000702s ]
ERR: 无法加载模块:Public

[ 2018-01-11T11:57:17+08:00 ] 127.0.0.1 /Public/%E5%BE%AE%E4%BF%A1%E7%BC%B4%E8%B4%B9%E4%BF%AE%E6%94%B9%E7%89%88/fonts/mui.ttf
INFO: [ app_init ] --START--
INFO: Run Behavior\BuildLiteBehavior [ RunTime:0.000021s ]
INFO: [ app_init ] --END-- [ RunTime:0.000684s ]
ERR: 无法加载模块:Public

[ 2018-01-11T11:57:17+08:00 ] 127.0.0.1 /Public/Home//Public/Home/images/cbd.jpg
INFO: [ app_init ] --START--
INFO: Run Behavior\BuildLiteBehavior [ RunTime:0.000021s ]
INFO: [ app_init ] --END-- [ RunTime:0.000648s ]
ERR: 无法加载模块:Public

[ 2018-01-11T11:57:17+08:00 ] 127.0.0.1 /Public/%E5%BE%AE%E4%BF%A1%E7%BC%B4%E8%B4%B9%E4%BF%AE%E6%94%B9%E7%89%88/fonts/mui.ttf
INFO: [ app_init ] --START--
INFO: Run Behavior\BuildLiteBehavior [ RunTime:0.000023s ]
INFO: [ app_init ] --END-- [ RunTime:0.000733s ]
ERR: 无法加载模块:Public

[ 2018-01-11T11:57:17+08:00 ] 127.0.0.1 /Public/Home//Public/Home/images/cbd.jpg
INFO: [ app_init ] --START--
INFO: Run Behavior\BuildLiteBehavior [ RunTime:0.000013s ]
INFO: [ app_init ] --END-- [ RunTime:0.000501s ]
ERR: 无法加载模块:Public

[ 2018-01-11T11:57:17+08:00 ] 127.0.0.1 /Public/%E5%BE%AE%E4%BF%A1%E7%BC%B4%E8%B4%B9%E4%BF%AE%E6%94%B9%E7%89%88/fonts/mui.ttf
INFO: [ app_init ] --START--
INFO: Run Behavior\BuildLiteBehavior [ RunTime:0.000024s ]
INFO: [ app_init ] --END-- [ RunTime:0.000671s ]
ERR: 无法加载模块:Public

[ 2018-01-11T12:23:36+08:00 ] 127.0.0.1 /index.php//Public/Home/images/login-bg.png
INFO: [ app_init ] --START--
INFO: Run Behavior\BuildLiteBehavior [ RunTime:0.000013s ]
INFO: [ app_init ] --END-- [ RunTime:0.000412s ]
ERR: 无法加载模块:Public

[ 2018-01-11T13:00:43+08:00 ] 127.0.0.1 /Public/Home//Public/Home/images/cbd.jpg
INFO: [ app_init ] --START--
INFO: Run Behavior\BuildLiteBehavior [ RunTime:0.000013s ]
INFO: [ app_init ] --END-- [ RunTime:0.000567s ]
ERR: 无法加载模块:Public

[ 2018-01-11T13:00:43+08:00 ] 127.0.0.1 /Public/%E5%BE%AE%E4%BF%A1%E7%BC%B4%E8%B4%B9%E4%BF%AE%E6%94%B9%E7%89%88/fonts/mui.ttf
INFO: [ app_init ] --START--
INFO: Run Behavior\BuildLiteBehavior [ RunTime:0.000014s ]
INFO: [ app_init ] --END-- [ RunTime:0.000398s ]
ERR: 无法加载模块:Public

[ 2018-01-11T13:00:53+08:00 ] 127.0.0.1 /Public/Home//Public/Home/images/cbd.jpg
INFO: [ app_init ] --START--
INFO: Run Behavior\BuildLiteBehavior [ RunTime:0.000020s ]
INFO: [ app_init ] --END-- [ RunTime:0.000608s ]
ERR: 无法加载模块:Public

[ 2018-01-11T13:00:53+08:00 ] 127.0.0.1 /Public/%E5%BE%AE%E4%BF%A1%E7%BC%B4%E8%B4%B9%E4%BF%AE%E6%94%B9%E7%89%88/fonts/mui.ttf
INFO: [ app_init ] --START--
INFO: Run Behavior\BuildLiteBehavior [ RunTime:0.000018s ]
INFO: [ app_init ] --END-- [ RunTime:0.000568s ]
ERR: 无法加载模块:Public

[ 2018-01-11T13:00:54+08:00 ] 127.0.0.1 /Public/Home//Public/Home/images/cbd.jpg
INFO: [ app_init ] --START--
INFO: Run Behavior\BuildLiteBehavior [ RunTime:0.000023s ]
INFO: [ app_init ] --END-- [ RunTime:0.000836s ]
ERR: 无法加载模块:Public

[ 2018-01-11T13:00:54+08:00 ] 127.0.0.1 /Public/%E5%BE%AE%E4%BF%A1%E7%BC%B4%E8%B4%B9%E4%BF%AE%E6%94%B9%E7%89%88/fonts/mui.ttf
INFO: [ app_init ] --START--
INFO: Run Behavior\BuildLiteBehavior [ RunTime:0.000011s ]
INFO: [ app_init ] --END-- [ RunTime:0.000366s ]
ERR: 无法加载模块:Public

[ 2018-01-11T13:01:01+08:00 ] 127.0.0.1 /Public/Home//Public/Home/images/cbd.jpg
INFO: [ app_init ] --START--
INFO: Run Behavior\BuildLiteBehavior [ RunTime:0.000019s ]
INFO: [ app_init ] --END-- [ RunTime:0.000673s ]
ERR: 无法加载模块:Public

[ 2018-01-11T13:01:01+08:00 ] 127.0.0.1 /Public/%E5%BE%AE%E4%BF%A1%E7%BC%B4%E8%B4%B9%E4%BF%AE%E6%94%B9%E7%89%88/fonts/mui.ttf
INFO: [ app_init ] --START--
INFO: Run Behavior\BuildLiteBehavior [ RunTime:0.000012s ]
INFO: [ app_init ] --END-- [ RunTime:0.000373s ]
ERR: 无法加载模块:Public

[ 2018-01-11T13:03:55+08:00 ] 127.0.0.1 /Public/Home//Public/Home/images/cbd.jpg
INFO: [ app_init ] --START--
INFO: Run Behavior\BuildLiteBehavior [ RunTime:0.000021s ]
INFO: [ app_init ] --END-- [ RunTime:0.001047s ]
ERR: 无法加载模块:Public

[ 2018-01-11T13:03:55+08:00 ] 127.0.0.1 /Public/%E5%BE%AE%E4%BF%A1%E7%BC%B4%E8%B4%B9%E4%BF%AE%E6%94%B9%E7%89%88/fonts/mui.ttf
INFO: [ app_init ] --START--
INFO: Run Behavior\BuildLiteBehavior [ RunTime:0.000018s ]
INFO: [ app_init ] --END-- [ RunTime:0.000516s ]
ERR: 无法加载模块:Public

[ 2018-01-11T13:04:48+08:00 ] 127.0.0.1 /Public/Home//Public/Home/images/cbd.jpg
INFO: [ app_init ] --START--
INFO: Run Behavior\BuildLiteBehavior [ RunTime:0.000022s ]
INFO: [ app_init ] --END-- [ RunTime:0.000862s ]
ERR: 无法加载模块:Public

[ 2018-01-11T13:04:48+08:00 ] 127.0.0.1 /Public/%E5%BE%AE%E4%BF%A1%E7%BC%B4%E8%B4%B9%E4%BF%AE%E6%94%B9%E7%89%88/fonts/mui.ttf
INFO: [ app_init ] --START--
INFO: Run Behavior\BuildLiteBehavior [ RunTime:0.000011s ]
INFO: [ app_init ] --END-- [ RunTime:0.000373s ]
ERR: 无法加载模块:Public

[ 2018-01-11T13:05:07+08:00 ] 127.0.0.1 /Public/%E5%BE%AE%E4%BF%A1%E7%BC%B4%E8%B4%B9%E4%BF%AE%E6%94%B9%E7%89%88/fonts/mui.ttf
INFO: [ app_init ] --START--
INFO: Run Behavior\BuildLiteBehavior [ RunTime:0.000011s ]
INFO: [ app_init ] --END-- [ RunTime:0.000388s ]
ERR: 无法加载模块:Public

[ 2018-01-11T13:05:48+08:00 ] 127.0.0.1 /Public/%E5%BE%AE%E4%BF%A1%E7%BC%B4%E8%B4%B9%E4%BF%AE%E6%94%B9%E7%89%88/fonts/mui.ttf
INFO: [ app_init ] --START--
INFO: Run Behavior\BuildLiteBehavior [ RunTime:0.000011s ]
INFO: [ app_init ] --END-- [ RunTime:0.000375s ]
ERR: 无法加载模块:Public

[ 2018-01-11T13:05:56+08:00 ] 127.0.0.1 /Public/%E5%BE%AE%E4%BF%A1%E7%BC%B4%E8%B4%B9%E4%BF%AE%E6%94%B9%E7%89%88/fonts/mui.ttf
INFO: [ app_init ] --START--
INFO: Run Behavior\BuildLiteBehavior [ RunTime:0.000018s ]
INFO: [ app_init ] --END-- [ RunTime:0.000550s ]
ERR: 无法加载模块:Public

[ 2018-01-11T13:06:57+08:00 ] 127.0.0.1 /Public/%E5%BE%AE%E4%BF%A1%E7%BC%B4%E8%B4%B9%E4%BF%AE%E6%94%B9%E7%89%88/fonts/mui.ttf
INFO: [ app_init ] --START--
INFO: Run Behavior\BuildLiteBehavior [ RunTime:0.000013s ]
INFO: [ app_init ] --END-- [ RunTime:0.000554s ]
ERR: 无法加载模块:Public

[ 2018-01-11T13:07:44+08:00 ] 127.0.0.1 /Public/%E5%BE%AE%E4%BF%A1%E7%BC%B4%E8%B4%B9%E4%BF%AE%E6%94%B9%E7%89%88/fonts/mui.ttf
INFO: [ app_init ] --START--
INFO: Run Behavior\BuildLiteBehavior [ RunTime:0.000019s ]
INFO: [ app_init ] --END-- [ RunTime:0.000605s ]
ERR: 无法加载模块:Public

[ 2018-01-11T13:08:45+08:00 ] 127.0.0.1 /Public/%E5%BE%AE%E4%BF%A1%E7%BC%B4%E8%B4%B9%E4%BF%AE%E6%94%B9%E7%89%88/fonts/mui.ttf
INFO: [ app_init ] --START--
INFO: Run Behavior\BuildLiteBehavior [ RunTime:0.000012s ]
INFO: [ app_init ] --END-- [ RunTime:0.000419s ]
ERR: 无法加载模块:Public

[ 2018-01-11T13:09:25+08:00 ] 127.0.0.1 /Public/%E5%BE%AE%E4%BF%A1%E7%BC%B4%E8%B4%B9%E4%BF%AE%E6%94%B9%E7%89%88/fonts/mui.ttf
INFO: [ app_init ] --START--
INFO: Run Behavior\BuildLiteBehavior [ RunTime:0.000012s ]
INFO: [ app_init ] --END-- [ RunTime:0.000386s ]
ERR: 无法加载模块:Public

[ 2018-01-11T14:21:14+08:00 ] 127.0.0.1 /Public/%E5%BE%AE%E4%BF%A1%E7%BC%B4%E8%B4%B9%E4%BF%AE%E6%94%B9%E7%89%88/fonts/mui.ttf
INFO: [ app_init ] --START--
INFO: Run Behavior\BuildLiteBehavior [ RunTime:0.000011s ]
INFO: [ app_init ] --END-- [ RunTime:0.000383s ]
ERR: 无法加载模块:Public

[ 2018-01-11T14:21:29+08:00 ] 127.0.0.1 /Public/%E5%BE%AE%E4%BF%A1%E7%BC%B4%E8%B4%B9%E4%BF%AE%E6%94%B9%E7%89%88/fonts/mui.ttf
INFO: [ app_init ] --START--
INFO: Run Behavior\BuildLiteBehavior [ RunTime:0.000011s ]
INFO: [ app_init ] --END-- [ RunTime:0.000379s ]
ERR: 无法加载模块:Public

[ 2018-01-11T14:21:30+08:00 ] 127.0.0.1 /Public/%E5%BE%AE%E4%BF%A1%E7%BC%B4%E8%B4%B9%E4%BF%AE%E6%94%B9%E7%89%88/fonts/mui.ttf
INFO: [ app_init ] --START--
INFO: Run Behavior\BuildLiteBehavior [ RunTime:0.000022s ]
INFO: [ app_init ] --END-- [ RunTime:0.000707s ]
ERR: 无法加载模块:Public

[ 2018-01-11T15:10:32+08:00 ] 127.0.0.1 /Public/picture/logo.png
INFO: [ app_init ] --START--
INFO: Run Behavior\BuildLiteBehavior [ RunTime:0.000012s ]
INFO: [ app_init ] --END-- [ RunTime:0.000395s ]
ERR: 无法加载模块:Public

[ 2018-01-11T15:10:49+08:00 ] 127.0.0.1 /Public/picture/logo.png
INFO: [ app_init ] --START--
INFO: Run Behavior\BuildLiteBehavior [ RunTime:0.000010s ]
INFO: [ app_init ] --END-- [ RunTime:0.000363s ]
ERR: 无法加载模块:Public

[ 2018-01-11T15:12:09+08:00 ] 127.0.0.1 /Public/picture/logo.png
INFO: [ app_init ] --START--
INFO: Run Behavior\BuildLiteBehavior [ RunTime:0.000012s ]
INFO: [ app_init ] --END-- [ RunTime:0.000387s ]
ERR: 无法加载模块:Public

[ 2018-01-11T16:00:39+08:00 ] 127.0.0.1 /favicon.ico
INFO: [ app_init ] --START--
INFO: Run Behavior\BuildLiteBehavior [ RunTime:0.000032s ]
INFO: [ app_init ] --END-- [ RunTime:0.000662s ]
ERR: 无法加载模块:Favicon

[ 2018-01-11T16:12:24+08:00 ] 127.0.0.1 /Public/Home/images/Arrow_left_icon.jpg
INFO: [ app_init ] --START--
INFO: Run Behavior\BuildLiteBehavior [ RunTime:0.000022s ]
INFO: [ app_init ] --END-- [ RunTime:0.000743s ]
ERR: 无法加载模块:Public

[ 2018-01-11T16:13:44+08:00 ] 127.0.0.1 /Public/Home/images/diankabg.jpg
INFO: [ app_init ] --START--
INFO: Run Behavior\BuildLiteBehavior [ RunTime:0.000013s ]
INFO: [ app_init ] --END-- [ RunTime:0.000473s ]
ERR: 无法加载模块:Public

[ 2018-01-11T16:55:49+08:00 ] 127.0.0.1 /favicon.ico
INFO: [ app_init ] --START--
INFO: Run Behavior\BuildLiteBehavior [ RunTime:0.000014s ]
INFO: [ app_init ] --END-- [ RunTime:0.000514s ]
ERR: 无法加载模块:Favicon

[ 2018-01-11T17:03:29+08:00 ] 127.0.0.1 /favicon.ico
INFO: [ app_init ] --START--
INFO: Run Behavior\BuildLiteBehavior [ RunTime:0.000012s ]
INFO: [ app_init ] --END-- [ RunTime:0.000448s ]
ERR: 无法加载模块:Favicon

[ 2018-01-11T17:07:45+08:00 ] 127.0.0.1 /favicon.ico
INFO: [ app_init ] --START--
INFO: Run Behavior\BuildLiteBehavior [ RunTime:0.000012s ]
INFO: [ app_init ] --END-- [ RunTime:0.000438s ]
ERR: 无法加载模块:Favicon

[ 2018-01-11T17:07:46+08:00 ] 127.0.0.1 /Public/%E5%BE%AE%E4%BF%A1%E7%BC%B4%E8%B4%B9%E4%BF%AE%E6%94%B9%E7%89%88/fonts/mui.ttf
INFO: [ app_init ] --START--
INFO: Run Behavior\BuildLiteBehavior [ RunTime:0.000020s ]
INFO: [ app_init ] --END-- [ RunTime:0.000818s ]
ERR: 无法加载模块:Public

[ 2018-01-11T17:08:02+08:00 ] 127.0.0.1 /Public/%E5%BE%AE%E4%BF%A1%E7%BC%B4%E8%B4%B9%E4%BF%AE%E6%94%B9%E7%89%88/fonts/mui.ttf
INFO: [ app_init ] --START--
INFO: Run Behavior\BuildLiteBehavior [ RunTime:0.000019s ]
INFO: [ app_init ] --END-- [ RunTime:0.000655s ]
ERR: 无法加载模块:Public

[ 2018-01-11T17:08:45+08:00 ] 127.0.0.1 /Public/%E5%BE%AE%E4%BF%A1%E7%BC%B4%E8%B4%B9%E4%BF%AE%E6%94%B9%E7%89%88/fonts/mui.ttf
INFO: [ app_init ] --START--
INFO: Run Behavior\BuildLiteBehavior [ RunTime:0.000021s ]
INFO: [ app_init ] --END-- [ RunTime:0.000689s ]
ERR: 无法加载模块:Public

[ 2018-01-11T17:20:07+08:00 ] 127.0.0.1 /favicon.ico
INFO: [ app_init ] --START--
INFO: Run Behavior\BuildLiteBehavior [ RunTime:0.000012s ]
INFO: [ app_init ] --END-- [ RunTime:0.000430s ]
ERR: 无法加载模块:Favicon

[ 2018-01-11T17:20:46+08:00 ] 127.0.0.1 /favicon.ico
INFO: [ app_init ] --START--
INFO: Run Behavior\BuildLiteBehavior [ RunTime:0.000022s ]
INFO: [ app_init ] --END-- [ RunTime:0.000587s ]
ERR: 无法加载模块:Favicon

[ 2018-01-11T17:22:01+08:00 ] 127.0.0.1 /favicon.ico
INFO: [ app_init ] --START--
INFO: Run Behavior\BuildLiteBehavior [ RunTime:0.000015s ]
INFO: [ app_init ] --END-- [ RunTime:0.000801s ]
ERR: 无法加载模块:Favicon

[ 2018-01-11T17:23:15+08:00 ] 127.0.0.1 /Public/%E5%BE%AE%E4%BF%A1%E7%BC%B4%E8%B4%B9%E4%BF%AE%E6%94%B9%E7%89%88/fonts/mui.ttf
INFO: [ app_init ] --START--
INFO: Run Behavior\BuildLiteBehavior [ RunTime:0.000012s ]
INFO: [ app_init ] --END-- [ RunTime:0.000373s ]
ERR: 无法加载模块:Public

[ 2018-01-11T17:23:23+08:00 ] 127.0.0.1 /Public/%E5%BE%AE%E4%BF%A1%E7%BC%B4%E8%B4%B9%E4%BF%AE%E6%94%B9%E7%89%88/fonts/mui.ttf
INFO: [ app_init ] --START--
INFO: Run Behavior\BuildLiteBehavior [ RunTime:0.000021s ]
INFO: [ app_init ] --END-- [ RunTime:0.000792s ]
ERR: 无法加载模块:Public

[ 2018-01-11T17:23:26+08:00 ] 127.0.0.1 /Public/%E5%BE%AE%E4%BF%A1%E7%BC%B4%E8%B4%B9%E4%BF%AE%E6%94%B9%E7%89%88/fonts/mui.ttf
INFO: [ app_init ] --START--
INFO: Run Behavior\BuildLiteBehavior [ RunTime:0.000014s ]
INFO: [ app_init ] --END-- [ RunTime:0.000631s ]
ERR: 无法加载模块:Public

[ 2018-01-11T17:23:27+08:00 ] 127.0.0.1 /Public/%E5%BE%AE%E4%BF%A1%E7%BC%B4%E8%B4%B9%E4%BF%AE%E6%94%B9%E7%89%88/fonts/mui.ttf
INFO: [ app_init ] --START--
INFO: Run Behavior\BuildLiteBehavior [ RunTime:0.000019s ]
INFO: [ app_init ] --END-- [ RunTime:0.000763s ]
ERR: 无法加载模块:Public

[ 2018-01-11T17:23:28+08:00 ] 127.0.0.1 /Public/%E5%BE%AE%E4%BF%A1%E7%BC%B4%E8%B4%B9%E4%BF%AE%E6%94%B9%E7%89%88/fonts/mui.ttf
INFO: [ app_init ] --START--
INFO: Run Behavior\BuildLiteBehavior [ RunTime:0.000020s ]
INFO: [ app_init ] --END-- [ RunTime:0.000781s ]
ERR: 无法加载模块:Public

[ 2018-01-11T17:23:29+08:00 ] 127.0.0.1 /Public/%E5%BE%AE%E4%BF%A1%E7%BC%B4%E8%B4%B9%E4%BF%AE%E6%94%B9%E7%89%88/fonts/mui.ttf
INFO: [ app_init ] --START--
INFO: Run Behavior\BuildLiteBehavior [ RunTime:0.000018s ]
INFO: [ app_init ] --END-- [ RunTime:0.000626s ]
ERR: 无法加载模块:Public

[ 2018-01-11T17:23:31+08:00 ] 127.0.0.1 /Public/%E5%BE%AE%E4%BF%A1%E7%BC%B4%E8%B4%B9%E4%BF%AE%E6%94%B9%E7%89%88/fonts/mui.ttf
INFO: [ app_init ] --START--
INFO: Run Behavior\BuildLiteBehavior [ RunTime:0.000020s ]
INFO: [ app_init ] --END-- [ RunTime:0.000653s ]
ERR: 无法加载模块:Public

[ 2018-01-11T17:23:32+08:00 ] 127.0.0.1 /Public/%E5%BE%AE%E4%BF%A1%E7%BC%B4%E8%B4%B9%E4%BF%AE%E6%94%B9%E7%89%88/fonts/mui.ttf
INFO: [ app_init ] --START--
INFO: Run Behavior\BuildLiteBehavior [ RunTime:0.000016s ]
INFO: [ app_init ] --END-- [ RunTime:0.000581s ]
ERR: 无法加载模块:Public

[ 2018-01-11T17:24:19+08:00 ] 127.0.0.1 /Public/%E5%BE%AE%E4%BF%A1%E7%BC%B4%E8%B4%B9%E4%BF%AE%E6%94%B9%E7%89%88/fonts/mui.ttf
INFO: [ app_init ] --START--
INFO: Run Behavior\BuildLiteBehavior [ RunTime:0.000029s ]
INFO: [ app_init ] --END-- [ RunTime:0.000693s ]
ERR: 无法加载模块:Public

[ 2018-01-11T17:24:24+08:00 ] 127.0.0.1 /Public/%E5%BE%AE%E4%BF%A1%E7%BC%B4%E8%B4%B9%E4%BF%AE%E6%94%B9%E7%89%88/fonts/mui.ttf
INFO: [ app_init ] --START--
INFO: Run Behavior\BuildLiteBehavior [ RunTime:0.000019s ]
INFO: [ app_init ] --END-- [ RunTime:0.000631s ]
ERR: 无法加载模块:Public

[ 2018-01-11T17:24:57+08:00 ] 127.0.0.1 /Public/%E5%BE%AE%E4%BF%A1%E7%BC%B4%E8%B4%B9%E4%BF%AE%E6%94%B9%E7%89%88/fonts/mui.ttf
INFO: [ app_init ] --START--
INFO: Run Behavior\BuildLiteBehavior [ RunTime:0.000012s ]
INFO: [ app_init ] --END-- [ RunTime:0.000412s ]
ERR: 无法加载模块:Public

[ 2018-01-11T17:24:57+08:00 ] 127.0.0.1 /favicon.ico
INFO: [ app_init ] --START--
INFO: Run Behavior\BuildLiteBehavior [ RunTime:0.000018s ]
INFO: [ app_init ] --END-- [ RunTime:0.000721s ]
ERR: 无法加载模块:Favicon

[ 2018-01-11T17:25:28+08:00 ] 127.0.0.1 /Public/%E5%BE%AE%E4%BF%A1%E7%BC%B4%E8%B4%B9%E4%BF%AE%E6%94%B9%E7%89%88/fonts/mui.ttf
INFO: [ app_init ] --START--
INFO: Run Behavior\BuildLiteBehavior [ RunTime:0.000020s ]
INFO: [ app_init ] --END-- [ RunTime:0.000629s ]
ERR: 无法加载模块:Public

[ 2018-01-11T17:25:32+08:00 ] 127.0.0.1 /Public/%E5%BE%AE%E4%BF%A1%E7%BC%B4%E8%B4%B9%E4%BF%AE%E6%94%B9%E7%89%88/fonts/mui.ttf
INFO: [ app_init ] --START--
INFO: Run Behavior\BuildLiteBehavior [ RunTime:0.000017s ]
INFO: [ app_init ] --END-- [ RunTime:0.000423s ]
ERR: 无法加载模块:Public

[ 2018-01-11T17:28:07+08:00 ] 127.0.0.1 /Public/%E5%BE%AE%E4%BF%A1%E7%BC%B4%E8%B4%B9%E4%BF%AE%E6%94%B9%E7%89%88/fonts/mui.ttf
INFO: [ app_init ] --START--
INFO: Run Behavior\BuildLiteBehavior [ RunTime:0.000024s ]
INFO: [ app_init ] --END-- [ RunTime:0.000880s ]
ERR: 无法加载模块:Public

[ 2018-01-11T17:28:08+08:00 ] 127.0.0.1 /Public/%E5%BE%AE%E4%BF%A1%E7%BC%B4%E8%B4%B9%E4%BF%AE%E6%94%B9%E7%89%88/fonts/mui.ttf
INFO: [ app_init ] --START--
INFO: Run Behavior\BuildLiteBehavior [ RunTime:0.000022s ]
INFO: [ app_init ] --END-- [ RunTime:0.000798s ]
ERR: 无法加载模块:Public

[ 2018-01-11T17:28:33+08:00 ] 127.0.0.1 /Public/%E5%BE%AE%E4%BF%A1%E7%BC%B4%E8%B4%B9%E4%BF%AE%E6%94%B9%E7%89%88/fonts/mui.ttf
INFO: [ app_init ] --START--
INFO: Run Behavior\BuildLiteBehavior [ RunTime:0.000018s ]
INFO: [ app_init ] --END-- [ RunTime:0.000604s ]
ERR: 无法加载模块:Public

[ 2018-01-11T17:31:43+08:00 ] 127.0.0.1 /Public/%E5%BE%AE%E4%BF%A1%E7%BC%B4%E8%B4%B9%E4%BF%AE%E6%94%B9%E7%89%88/fonts/mui.ttf
INFO: [ app_init ] --START--
INFO: Run Behavior\BuildLiteBehavior [ RunTime:0.000012s ]
INFO: [ app_init ] --END-- [ RunTime:0.000388s ]
ERR: 无法加载模块:Public

[ 2018-01-11T17:36:09+08:00 ] 127.0.0.1 /Public/%E5%BE%AE%E4%BF%A1%E7%BC%B4%E8%B4%B9%E4%BF%AE%E6%94%B9%E7%89%88/fonts/mui.ttf
INFO: [ app_init ] --START--
INFO: Run Behavior\BuildLiteBehavior [ RunTime:0.000011s ]
INFO: [ app_init ] --END-- [ RunTime:0.000384s ]
ERR: 无法加载模块:Public

[ 2018-01-11T17:36:42+08:00 ] 127.0.0.1 /Public/%E5%BE%AE%E4%BF%A1%E7%BC%B4%E8%B4%B9%E4%BF%AE%E6%94%B9%E7%89%88/fonts/mui.ttf
INFO: [ app_init ] --START--
INFO: Run Behavior\BuildLiteBehavior [ RunTime:0.000024s ]
INFO: [ app_init ] --END-- [ RunTime:0.000724s ]
ERR: 无法加载模块:Public

[ 2018-01-11T17:37:16+08:00 ] 127.0.0.1 /Public/%E5%BE%AE%E4%BF%A1%E7%BC%B4%E8%B4%B9%E4%BF%AE%E6%94%B9%E7%89%88/fonts/mui.ttf
INFO: [ app_init ] --START--
INFO: Run Behavior\BuildLiteBehavior [ RunTime:0.000022s ]
INFO: [ app_init ] --END-- [ RunTime:0.000861s ]
ERR: 无法加载模块:Public

[ 2018-01-11T17:37:18+08:00 ] 127.0.0.1 /Public/%E5%BE%AE%E4%BF%A1%E7%BC%B4%E8%B4%B9%E4%BF%AE%E6%94%B9%E7%89%88/fonts/mui.ttf
INFO: [ app_init ] --START--
INFO: Run Behavior\BuildLiteBehavior [ RunTime:0.000020s ]
INFO: [ app_init ] --END-- [ RunTime:0.000696s ]
ERR: 无法加载模块:Public

[ 2018-01-11T17:45:42+08:00 ] 127.0.0.1 /Public/%E5%BE%AE%E4%BF%A1%E7%BC%B4%E8%B4%B9%E4%BF%AE%E6%94%B9%E7%89%88/fonts/mui.ttf
INFO: [ app_init ] --START--
INFO: Run Behavior\BuildLiteBehavior [ RunTime:0.000021s ]
INFO: [ app_init ] --END-- [ RunTime:0.000717s ]
ERR: 无法加载模块:Public

[ 2018-01-11T17:45:46+08:00 ] 127.0.0.1 /Public/%E5%BE%AE%E4%BF%A1%E7%BC%B4%E8%B4%B9%E4%BF%AE%E6%94%B9%E7%89%88/fonts/mui.ttf
INFO: [ app_init ] --START--
INFO: Run Behavior\BuildLiteBehavior [ RunTime:0.000012s ]
INFO: [ app_init ] --END-- [ RunTime:0.000408s ]
ERR: 无法加载模块:Public

[ 2018-01-11T17:47:34+08:00 ] 127.0.0.1 /Public/%E5%BE%AE%E4%BF%A1%E7%BC%B4%E8%B4%B9%E4%BF%AE%E6%94%B9%E7%89%88/fonts/mui.ttf
INFO: [ app_init ] --START--
INFO: Run Behavior\BuildLiteBehavior [ RunTime:0.000019s ]
INFO: [ app_init ] --END-- [ RunTime:0.000602s ]
ERR: 无法加载模块:Public

[ 2018-01-11T17:47:35+08:00 ] 127.0.0.1 /Public/%E5%BE%AE%E4%BF%A1%E7%BC%B4%E8%B4%B9%E4%BF%AE%E6%94%B9%E7%89%88/fonts/mui.ttf
INFO: [ app_init ] --START--
INFO: Run Behavior\BuildLiteBehavior [ RunTime:0.000022s ]
INFO: [ app_init ] --END-- [ RunTime:0.000712s ]
ERR: 无法加载模块:Public

[ 2018-01-11T17:47:35+08:00 ] 127.0.0.1 /Public/%E5%BE%AE%E4%BF%A1%E7%BC%B4%E8%B4%B9%E4%BF%AE%E6%94%B9%E7%89%88/fonts/mui.ttf
INFO: [ app_init ] --START--
INFO: Run Behavior\BuildLiteBehavior [ RunTime:0.000023s ]
INFO: [ app_init ] --END-- [ RunTime:0.000738s ]
ERR: 无法加载模块:Public

[ 2018-01-11T17:47:35+08:00 ] 127.0.0.1 /Public/%E5%BE%AE%E4%BF%A1%E7%BC%B4%E8%B4%B9%E4%BF%AE%E6%94%B9%E7%89%88/fonts/mui.ttf
INFO: [ app_init ] --START--
INFO: Run Behavior\BuildLiteBehavior [ RunTime:0.000021s ]
INFO: [ app_init ] --END-- [ RunTime:0.000678s ]
ERR: 无法加载模块:Public

[ 2018-01-11T17:47:36+08:00 ] 127.0.0.1 /Public/%E5%BE%AE%E4%BF%A1%E7%BC%B4%E8%B4%B9%E4%BF%AE%E6%94%B9%E7%89%88/fonts/mui.ttf
INFO: [ app_init ] --START--
INFO: Run Behavior\BuildLiteBehavior [ RunTime:0.000017s ]
INFO: [ app_init ] --END-- [ RunTime:0.000615s ]
ERR: 无法加载模块:Public

[ 2018-01-11T17:48:16+08:00 ] 127.0.0.1 /Public/%E5%BE%AE%E4%BF%A1%E7%BC%B4%E8%B4%B9%E4%BF%AE%E6%94%B9%E7%89%88/fonts/mui.ttf
INFO: [ app_init ] --START--
INFO: Run Behavior\BuildLiteBehavior [ RunTime:0.000045s ]
INFO: [ app_init ] --END-- [ RunTime:0.000767s ]
ERR: 无法加载模块:Public

[ 2018-01-11T17:48:17+08:00 ] 127.0.0.1 /Public/%E5%BE%AE%E4%BF%A1%E7%BC%B4%E8%B4%B9%E4%BF%AE%E6%94%B9%E7%89%88/fonts/mui.ttf
INFO: [ app_init ] --START--
INFO: Run Behavior\BuildLiteBehavior [ RunTime:0.000017s ]
INFO: [ app_init ] --END-- [ RunTime:0.000638s ]
ERR: 无法加载模块:Public

[ 2018-01-11T17:48:17+08:00 ] 127.0.0.1 /Public/%E5%BE%AE%E4%BF%A1%E7%BC%B4%E8%B4%B9%E4%BF%AE%E6%94%B9%E7%89%88/fonts/mui.ttf
INFO: [ app_init ] --START--
INFO: Run Behavior\BuildLiteBehavior [ RunTime:0.000016s ]
INFO: [ app_init ] --END-- [ RunTime:0.000557s ]
ERR: 无法加载模块:Public

[ 2018-01-11T17:48:26+08:00 ] 127.0.0.1 /Public/%E5%BE%AE%E4%BF%A1%E7%BC%B4%E8%B4%B9%E4%BF%AE%E6%94%B9%E7%89%88/fonts/mui.ttf
INFO: [ app_init ] --START--
INFO: Run Behavior\BuildLiteBehavior [ RunTime:0.000017s ]
INFO: [ app_init ] --END-- [ RunTime:0.000605s ]
ERR: 无法加载模块:Public

[ 2018-01-11T17:48:27+08:00 ] 127.0.0.1 /Public/%E5%BE%AE%E4%BF%A1%E7%BC%B4%E8%B4%B9%E4%BF%AE%E6%94%B9%E7%89%88/fonts/mui.ttf
INFO: [ app_init ] --START--
INFO: Run Behavior\BuildLiteBehavior [ RunTime:0.000017s ]
INFO: [ app_init ] --END-- [ RunTime:0.000618s ]
ERR: 无法加载模块:Public

[ 2018-01-11T17:48:27+08:00 ] 127.0.0.1 /Public/%E5%BE%AE%E4%BF%A1%E7%BC%B4%E8%B4%B9%E4%BF%AE%E6%94%B9%E7%89%88/fonts/mui.ttf
INFO: [ app_init ] --START--
INFO: Run Behavior\BuildLiteBehavior [ RunTime:0.000018s ]
INFO: [ app_init ] --END-- [ RunTime:0.000586s ]
ERR: 无法加载模块:Public

[ 2018-01-11T17:48:27+08:00 ] 127.0.0.1 /Public/%E5%BE%AE%E4%BF%A1%E7%BC%B4%E8%B4%B9%E4%BF%AE%E6%94%B9%E7%89%88/fonts/mui.ttf
INFO: [ app_init ] --START--
INFO: Run Behavior\BuildLiteBehavior [ RunTime:0.000019s ]
INFO: [ app_init ] --END-- [ RunTime:0.000642s ]
ERR: 无法加载模块:Public

[ 2018-01-11T17:48:28+08:00 ] 127.0.0.1 /Public/%E5%BE%AE%E4%BF%A1%E7%BC%B4%E8%B4%B9%E4%BF%AE%E6%94%B9%E7%89%88/fonts/mui.ttf
INFO: [ app_init ] --START--
INFO: Run Behavior\BuildLiteBehavior [ RunTime:0.000020s ]
INFO: [ app_init ] --END-- [ RunTime:0.000645s ]
ERR: 无法加载模块:Public

[ 2018-01-11T17:49:52+08:00 ] 127.0.0.1 /Public/%E5%BE%AE%E4%BF%A1%E7%BC%B4%E8%B4%B9%E4%BF%AE%E6%94%B9%E7%89%88/fonts/mui.ttf
INFO: [ app_init ] --START--
INFO: Run Behavior\BuildLiteBehavior [ RunTime:0.000018s ]
INFO: [ app_init ] --END-- [ RunTime:0.000590s ]
ERR: 无法加载模块:Public

[ 2018-01-11T17:49:56+08:00 ] 127.0.0.1 /Public/%E5%BE%AE%E4%BF%A1%E7%BC%B4%E8%B4%B9%E4%BF%AE%E6%94%B9%E7%89%88/fonts/mui.ttf
INFO: [ app_init ] --START--
INFO: Run Behavior\BuildLiteBehavior [ RunTime:0.000019s ]
INFO: [ app_init ] --END-- [ RunTime:0.000629s ]
ERR: 无法加载模块:Public

[ 2018-01-11T17:52:43+08:00 ] 127.0.0.1 /Public/%E5%BE%AE%E4%BF%A1%E7%BC%B4%E8%B4%B9%E4%BF%AE%E6%94%B9%E7%89%88/fonts/mui.ttf
INFO: [ app_init ] --START--
INFO: Run Behavior\BuildLiteBehavior [ RunTime:0.000022s ]
INFO: [ app_init ] --END-- [ RunTime:0.000816s ]
ERR: 无法加载模块:Public

[ 2018-01-11T17:52:44+08:00 ] 127.0.0.1 /Public/%E5%BE%AE%E4%BF%A1%E7%BC%B4%E8%B4%B9%E4%BF%AE%E6%94%B9%E7%89%88/fonts/mui.ttf
INFO: [ app_init ] --START--
INFO: Run Behavior\BuildLiteBehavior [ RunTime:0.000016s ]
INFO: [ app_init ] --END-- [ RunTime:0.000619s ]
ERR: 无法加载模块:Public

[ 2018-01-11T17:52:44+08:00 ] 127.0.0.1 /Public/%E5%BE%AE%E4%BF%A1%E7%BC%B4%E8%B4%B9%E4%BF%AE%E6%94%B9%E7%89%88/fonts/mui.ttf
INFO: [ app_init ] --START--
INFO: Run Behavior\BuildLiteBehavior [ RunTime:0.000016s ]
INFO: [ app_init ] --END-- [ RunTime:0.000573s ]
ERR: 无法加载模块:Public

[ 2018-01-11T17:52:44+08:00 ] 127.0.0.1 /Public/%E5%BE%AE%E4%BF%A1%E7%BC%B4%E8%B4%B9%E4%BF%AE%E6%94%B9%E7%89%88/fonts/mui.ttf
INFO: [ app_init ] --START--
INFO: Run Behavior\BuildLiteBehavior [ RunTime:0.000022s ]
INFO: [ app_init ] --END-- [ RunTime:0.000733s ]
ERR: 无法加载模块:Public

[ 2018-01-11T17:52:44+08:00 ] 127.0.0.1 /Public/%E5%BE%AE%E4%BF%A1%E7%BC%B4%E8%B4%B9%E4%BF%AE%E6%94%B9%E7%89%88/fonts/mui.ttf
INFO: [ app_init ] --START--
INFO: Run Behavior\BuildLiteBehavior [ RunTime:0.000019s ]
INFO: [ app_init ] --END-- [ RunTime:0.000683s ]
ERR: 无法加载模块:Public

[ 2018-01-11T17:52:45+08:00 ] 127.0.0.1 /Public/%E5%BE%AE%E4%BF%A1%E7%BC%B4%E8%B4%B9%E4%BF%AE%E6%94%B9%E7%89%88/fonts/mui.ttf
INFO: [ app_init ] --START--
INFO: Run Behavior\BuildLiteBehavior [ RunTime:0.000021s ]
INFO: [ app_init ] --END-- [ RunTime:0.000711s ]
ERR: 无法加载模块:Public

[ 2018-01-11T17:52:45+08:00 ] 127.0.0.1 /Public/%E5%BE%AE%E4%BF%A1%E7%BC%B4%E8%B4%B9%E4%BF%AE%E6%94%B9%E7%89%88/fonts/mui.ttf
INFO: [ app_init ] --START--
INFO: Run Behavior\BuildLiteBehavior [ RunTime:0.000020s ]
INFO: [ app_init ] --END-- [ RunTime:0.000688s ]
ERR: 无法加载模块:Public

[ 2018-01-11T17:52:45+08:00 ] 127.0.0.1 /Public/%E5%BE%AE%E4%BF%A1%E7%BC%B4%E8%B4%B9%E4%BF%AE%E6%94%B9%E7%89%88/fonts/mui.ttf
INFO: [ app_init ] --START--
INFO: Run Behavior\BuildLiteBehavior [ RunTime:0.000018s ]
INFO: [ app_init ] --END-- [ RunTime:0.000610s ]
ERR: 无法加载模块:Public

[ 2018-01-11T17:52:46+08:00 ] 127.0.0.1 /Public/%E5%BE%AE%E4%BF%A1%E7%BC%B4%E8%B4%B9%E4%BF%AE%E6%94%B9%E7%89%88/fonts/mui.ttf
INFO: [ app_init ] --START--
INFO: Run Behavior\BuildLiteBehavior [ RunTime:0.000021s ]
INFO: [ app_init ] --END-- [ RunTime:0.000687s ]
ERR: 无法加载模块:Public

[ 2018-01-11T17:52:46+08:00 ] 127.0.0.1 /Public/%E5%BE%AE%E4%BF%A1%E7%BC%B4%E8%B4%B9%E4%BF%AE%E6%94%B9%E7%89%88/fonts/mui.ttf
INFO: [ app_init ] --START--
INFO: Run Behavior\BuildLiteBehavior [ RunTime:0.000012s ]
INFO: [ app_init ] --END-- [ RunTime:0.000394s ]
ERR: 无法加载模块:Public

[ 2018-01-11T17:52:46+08:00 ] 127.0.0.1 /Public/%E5%BE%AE%E4%BF%A1%E7%BC%B4%E8%B4%B9%E4%BF%AE%E6%94%B9%E7%89%88/fonts/mui.ttf
INFO: [ app_init ] --START--
INFO: Run Behavior\BuildLiteBehavior [ RunTime:0.000022s ]
INFO: [ app_init ] --END-- [ RunTime:0.000785s ]
ERR: 无法加载模块:Public

[ 2018-01-11T17:52:46+08:00 ] 127.0.0.1 /Public/%E5%BE%AE%E4%BF%A1%E7%BC%B4%E8%B4%B9%E4%BF%AE%E6%94%B9%E7%89%88/fonts/mui.ttf
INFO: [ app_init ] --START--
INFO: Run Behavior\BuildLiteBehavior [ RunTime:0.000012s ]
INFO: [ app_init ] --END-- [ RunTime:0.000515s ]
ERR: 无法加载模块:Public

[ 2018-01-11T17:52:47+08:00 ] 127.0.0.1 /Public/%E5%BE%AE%E4%BF%A1%E7%BC%B4%E8%B4%B9%E4%BF%AE%E6%94%B9%E7%89%88/fonts/mui.ttf
INFO: [ app_init ] --START--
INFO: Run Behavior\BuildLiteBehavior [ RunTime:0.000011s ]
INFO: [ app_init ] --END-- [ RunTime:0.000371s ]
ERR: 无法加载模块:Public

[ 2018-01-11T17:52:47+08:00 ] 127.0.0.1 /Public/%E5%BE%AE%E4%BF%A1%E7%BC%B4%E8%B4%B9%E4%BF%AE%E6%94%B9%E7%89%88/fonts/mui.ttf
INFO: [ app_init ] --START--
INFO: Run Behavior\BuildLiteBehavior [ RunTime:0.000016s ]
INFO: [ app_init ] --END-- [ RunTime:0.000552s ]
ERR: 无法加载模块:Public

[ 2018-01-11T17:52:47+08:00 ] 127.0.0.1 /Public/%E5%BE%AE%E4%BF%A1%E7%BC%B4%E8%B4%B9%E4%BF%AE%E6%94%B9%E7%89%88/fonts/mui.ttf
INFO: [ app_init ] --START--
INFO: Run Behavior\BuildLiteBehavior [ RunTime:0.000011s ]
INFO: [ app_init ] --END-- [ RunTime:0.000382s ]
ERR: 无法加载模块:Public

[ 2018-01-11T17:52:47+08:00 ] 127.0.0.1 /Public/%E5%BE%AE%E4%BF%A1%E7%BC%B4%E8%B4%B9%E4%BF%AE%E6%94%B9%E7%89%88/fonts/mui.ttf
INFO: [ app_init ] --START--
INFO: Run Behavior\BuildLiteBehavior [ RunTime:0.000021s ]
INFO: [ app_init ] --END-- [ RunTime:0.000925s ]
ERR: 无法加载模块:Public

[ 2018-01-11T17:52:47+08:00 ] 127.0.0.1 /Public/%E5%BE%AE%E4%BF%A1%E7%BC%B4%E8%B4%B9%E4%BF%AE%E6%94%B9%E7%89%88/fonts/mui.ttf
INFO: [ app_init ] --START--
INFO: Run Behavior\BuildLiteBehavior [ RunTime:0.000011s ]
INFO: [ app_init ] --END-- [ RunTime:0.000375s ]
ERR: 无法加载模块:Public

[ 2018-01-11T17:52:47+08:00 ] 127.0.0.1 /Public/%E5%BE%AE%E4%BF%A1%E7%BC%B4%E8%B4%B9%E4%BF%AE%E6%94%B9%E7%89%88/fonts/mui.ttf
INFO: [ app_init ] --START--
INFO: Run Behavior\BuildLiteBehavior [ RunTime:0.000019s ]
INFO: [ app_init ] --END-- [ RunTime:0.000735s ]
ERR: 无法加载模块:Public

[ 2018-01-11T17:52:48+08:00 ] 127.0.0.1 /Public/%E5%BE%AE%E4%BF%A1%E7%BC%B4%E8%B4%B9%E4%BF%AE%E6%94%B9%E7%89%88/fonts/mui.ttf
INFO: [ app_init ] --START--
INFO: Run Behavior\BuildLiteBehavior [ RunTime:0.000012s ]
INFO: [ app_init ] --END-- [ RunTime:0.000403s ]
ERR: 无法加载模块:Public

[ 2018-01-11T17:53:22+08:00 ] 127.0.0.1 /Public/%E5%BE%AE%E4%BF%A1%E7%BC%B4%E8%B4%B9%E4%BF%AE%E6%94%B9%E7%89%88/fonts/mui.ttf
INFO: [ app_init ] --START--
INFO: Run Behavior\BuildLiteBehavior [ RunTime:0.000022s ]
INFO: [ app_init ] --END-- [ RunTime:0.000752s ]
ERR: 无法加载模块:Public

[ 2018-01-11T17:53:22+08:00 ] 127.0.0.1 /Public/%E5%BE%AE%E4%BF%A1%E7%BC%B4%E8%B4%B9%E4%BF%AE%E6%94%B9%E7%89%88/fonts/mui.ttf
INFO: [ app_init ] --START--
INFO: Run Behavior\BuildLiteBehavior [ RunTime:0.000013s ]
INFO: [ app_init ] --END-- [ RunTime:0.000432s ]
ERR: 无法加载模块:Public

[ 2018-01-11T17:53:22+08:00 ] 127.0.0.1 /Public/%E5%BE%AE%E4%BF%A1%E7%BC%B4%E8%B4%B9%E4%BF%AE%E6%94%B9%E7%89%88/fonts/mui.ttf
INFO: [ app_init ] --START--
INFO: Run Behavior\BuildLiteBehavior [ RunTime:0.000020s ]
INFO: [ app_init ] --END-- [ RunTime:0.000508s ]
ERR: 无法加载模块:Public

[ 2018-01-11T17:53:23+08:00 ] 127.0.0.1 /Public/%E5%BE%AE%E4%BF%A1%E7%BC%B4%E8%B4%B9%E4%BF%AE%E6%94%B9%E7%89%88/fonts/mui.ttf
INFO: [ app_init ] --START--
INFO: Run Behavior\BuildLiteBehavior [ RunTime:0.000021s ]
INFO: [ app_init ] --END-- [ RunTime:0.000806s ]
ERR: 无法加载模块:Public

[ 2018-01-11T17:54:18+08:00 ] 127.0.0.1 /Public/%E5%BE%AE%E4%BF%A1%E7%BC%B4%E8%B4%B9%E4%BF%AE%E6%94%B9%E7%89%88/fonts/mui.ttf
INFO: [ app_init ] --START--
INFO: Run Behavior\BuildLiteBehavior [ RunTime:0.000042s ]
INFO: [ app_init ] --END-- [ RunTime:0.000821s ]
ERR: 无法加载模块:Public

[ 2018-01-11T17:54:19+08:00 ] 127.0.0.1 /Public/%E5%BE%AE%E4%BF%A1%E7%BC%B4%E8%B4%B9%E4%BF%AE%E6%94%B9%E7%89%88/fonts/mui.ttf
INFO: [ app_init ] --START--
INFO: Run Behavior\BuildLiteBehavior [ RunTime:0.000018s ]
INFO: [ app_init ] --END-- [ RunTime:0.000599s ]
ERR: 无法加载模块:Public

[ 2018-01-11T17:54:19+08:00 ] 127.0.0.1 /Public/%E5%BE%AE%E4%BF%A1%E7%BC%B4%E8%B4%B9%E4%BF%AE%E6%94%B9%E7%89%88/fonts/mui.ttf
INFO: [ app_init ] --START--
INFO: Run Behavior\BuildLiteBehavior [ RunTime:0.000019s ]
INFO: [ app_init ] --END-- [ RunTime:0.000653s ]
ERR: 无法加载模块:Public

[ 2018-01-11T17:54:20+08:00 ] 127.0.0.1 /Public/%E5%BE%AE%E4%BF%A1%E7%BC%B4%E8%B4%B9%E4%BF%AE%E6%94%B9%E7%89%88/fonts/mui.ttf
INFO: [ app_init ] --START--
INFO: Run Behavior\BuildLiteBehavior [ RunTime:0.000014s ]
INFO: [ app_init ] --END-- [ RunTime:0.000552s ]
ERR: 无法加载模块:Public

[ 2018-01-11T17:54:20+08:00 ] 127.0.0.1 /Public/%E5%BE%AE%E4%BF%A1%E7%BC%B4%E8%B4%B9%E4%BF%AE%E6%94%B9%E7%89%88/fonts/mui.ttf
INFO: [ app_init ] --START--
INFO: Run Behavior\BuildLiteBehavior [ RunTime:0.000019s ]
INFO: [ app_init ] --END-- [ RunTime:0.000520s ]
ERR: 无法加载模块:Public

[ 2018-01-11T17:54:20+08:00 ] 127.0.0.1 /Public/%E5%BE%AE%E4%BF%A1%E7%BC%B4%E8%B4%B9%E4%BF%AE%E6%94%B9%E7%89%88/fonts/mui.ttf
INFO: [ app_init ] --START--
INFO: Run Behavior\BuildLiteBehavior [ RunTime:0.000013s ]
INFO: [ app_init ] --END-- [ RunTime:0.000437s ]
ERR: 无法加载模块:Public

[ 2018-01-11T17:54:21+08:00 ] 127.0.0.1 /Public/%E5%BE%AE%E4%BF%A1%E7%BC%B4%E8%B4%B9%E4%BF%AE%E6%94%B9%E7%89%88/fonts/mui.ttf
INFO: [ app_init ] --START--
INFO: Run Behavior\BuildLiteBehavior [ RunTime:0.000020s ]
INFO: [ app_init ] --END-- [ RunTime:0.000681s ]
ERR: 无法加载模块:Public

[ 2018-01-11T17:54:28+08:00 ] 127.0.0.1 /Public/%E5%BE%AE%E4%BF%A1%E7%BC%B4%E8%B4%B9%E4%BF%AE%E6%94%B9%E7%89%88/fonts/mui.ttf
INFO: [ app_init ] --START--
INFO: Run Behavior\BuildLiteBehavior [ RunTime:0.000017s ]
INFO: [ app_init ] --END-- [ RunTime:0.000579s ]
ERR: 无法加载模块:Public

[ 2018-01-11T17:54:28+08:00 ] 127.0.0.1 /Public/%E5%BE%AE%E4%BF%A1%E7%BC%B4%E8%B4%B9%E4%BF%AE%E6%94%B9%E7%89%88/fonts/mui.ttf
INFO: [ app_init ] --START--
INFO: Run Behavior\BuildLiteBehavior [ RunTime:0.000019s ]
INFO: [ app_init ] --END-- [ RunTime:0.000643s ]
ERR: 无法加载模块:Public

[ 2018-01-11T17:57:40+08:00 ] 127.0.0.1 /favicon.ico
INFO: [ app_init ] --START--
INFO: Run Behavior\BuildLiteBehavior [ RunTime:0.000013s ]
INFO: [ app_init ] --END-- [ RunTime:0.000522s ]
ERR: 无法加载模块:Favicon

[ 2018-01-11T17:57:46+08:00 ] 127.0.0.1 /favicon.ico
INFO: [ app_init ] --START--
INFO: Run Behavior\BuildLiteBehavior [ RunTime:0.000018s ]
INFO: [ app_init ] --END-- [ RunTime:0.000640s ]
ERR: 无法加载模块:Favicon

[ 2018-01-11T17:59:16+08:00 ] 127.0.0.1 /Public/%E5%BE%AE%E4%BF%A1%E7%BC%B4%E8%B4%B9%E4%BF%AE%E6%94%B9%E7%89%88/fonts/mui.ttf
INFO: [ app_init ] --START--
INFO: Run Behavior\BuildLiteBehavior [ RunTime:0.000012s ]
INFO: [ app_init ] --END-- [ RunTime:0.000463s ]
ERR: 无法加载模块:Public

[ 2018-01-11T18:01:55+08:00 ] 127.0.0.1 /Public/%E5%BE%AE%E4%BF%A1%E7%BC%B4%E8%B4%B9%E4%BF%AE%E6%94%B9%E7%89%88/fonts/mui.ttf
INFO: [ app_init ] --START--
INFO: Run Behavior\BuildLiteBehavior [ RunTime:0.000013s ]
INFO: [ app_init ] --END-- [ RunTime:0.000446s ]
ERR: 无法加载模块:Public

[ 2018-01-11T18:01:56+08:00 ] 127.0.0.1 /Public/%E5%BE%AE%E4%BF%A1%E7%BC%B4%E8%B4%B9%E4%BF%AE%E6%94%B9%E7%89%88/fonts/mui.ttf
INFO: [ app_init ] --START--
INFO: Run Behavior\BuildLiteBehavior [ RunTime:0.000018s ]
INFO: [ app_init ] --END-- [ RunTime:0.000662s ]
ERR: 无法加载模块:Public

[ 2018-01-11T18:01:57+08:00 ] 127.0.0.1 /Public/%E5%BE%AE%E4%BF%A1%E7%BC%B4%E8%B4%B9%E4%BF%AE%E6%94%B9%E7%89%88/fonts/mui.ttf
INFO: [ app_init ] --START--
INFO: Run Behavior\BuildLiteBehavior [ RunTime:0.000032s ]
INFO: [ app_init ] --END-- [ RunTime:0.000604s ]
ERR: 无法加载模块:Public

[ 2018-01-11T18:01:57+08:00 ] 127.0.0.1 /Public/%E5%BE%AE%E4%BF%A1%E7%BC%B4%E8%B4%B9%E4%BF%AE%E6%94%B9%E7%89%88/fonts/mui.ttf
INFO: [ app_init ] --START--
INFO: Run Behavior\BuildLiteBehavior [ RunTime:0.000032s ]
INFO: [ app_init ] --END-- [ RunTime:0.000766s ]
ERR: 无法加载模块:Public

[ 2018-01-11T18:01:57+08:00 ] 127.0.0.1 /Public/%E5%BE%AE%E4%BF%A1%E7%BC%B4%E8%B4%B9%E4%BF%AE%E6%94%B9%E7%89%88/fonts/mui.ttf
INFO: [ app_init ] --START--
INFO: Run Behavior\BuildLiteBehavior [ RunTime:0.000020s ]
INFO: [ app_init ] --END-- [ RunTime:0.000534s ]
ERR: 无法加载模块:Public

[ 2018-01-11T18:02:04+08:00 ] 127.0.0.1 /Public/%E5%BE%AE%E4%BF%A1%E7%BC%B4%E8%B4%B9%E4%BF%AE%E6%94%B9%E7%89%88/fonts/mui.ttf
INFO: [ app_init ] --START--
INFO: Run Behavior\BuildLiteBehavior [ RunTime:0.000019s ]
INFO: [ app_init ] --END-- [ RunTime:0.000657s ]
ERR: 无法加载模块:Public

[ 2018-01-11T18:02:09+08:00 ] 127.0.0.1 /Public/%E5%BE%AE%E4%BF%A1%E7%BC%B4%E8%B4%B9%E4%BF%AE%E6%94%B9%E7%89%88/fonts/mui.ttf
INFO: [ app_init ] --START--
INFO: Run Behavior\BuildLiteBehavior [ RunTime:0.000012s ]
INFO: [ app_init ] --END-- [ RunTime:0.000580s ]
ERR: 无法加载模块:Public

[ 2018-01-11T18:02:20+08:00 ] 127.0.0.1 /Public/%E5%BE%AE%E4%BF%A1%E7%BC%B4%E8%B4%B9%E4%BF%AE%E6%94%B9%E7%89%88/fonts/mui.ttf
INFO: [ app_init ] --START--
INFO: Run Behavior\BuildLiteBehavior [ RunTime:0.000011s ]
INFO: [ app_init ] --END-- [ RunTime:0.000393s ]
ERR: 无法加载模块:Public

[ 2018-01-11T18:02:24+08:00 ] 127.0.0.1 /Public/%E5%BE%AE%E4%BF%A1%E7%BC%B4%E8%B4%B9%E4%BF%AE%E6%94%B9%E7%89%88/fonts/mui.ttf
INFO: [ app_init ] --START--
INFO: Run Behavior\BuildLiteBehavior [ RunTime:0.000020s ]
INFO: [ app_init ] --END-- [ RunTime:0.000681s ]
ERR: 无法加载模块:Public

[ 2018-01-11T18:05:51+08:00 ] 127.0.0.1 /Public/%E5%BE%AE%E4%BF%A1%E7%BC%B4%E8%B4%B9%E4%BF%AE%E6%94%B9%E7%89%88/fonts/mui.ttf
INFO: [ app_init ] --START--
INFO: Run Behavior\BuildLiteBehavior [ RunTime:0.000012s ]
INFO: [ app_init ] --END-- [ RunTime:0.000413s ]
ERR: 无法加载模块:Public

[ 2018-01-11T18:05:51+08:00 ] 127.0.0.1 /Public/%E5%BE%AE%E4%BF%A1%E7%BC%B4%E8%B4%B9%E4%BF%AE%E6%94%B9%E7%89%88/fonts/mui.ttf
INFO: [ app_init ] --START--
INFO: Run Behavior\BuildLiteBehavior [ RunTime:0.000025s ]
INFO: [ app_init ] --END-- [ RunTime:0.000448s ]
ERR: 无法加载模块:Public

