[ 2018-01-10T09:09:59+08:00 ] 127.0.0.1 /favicon.ico
INFO: [ app_init ] --START--
INFO: Run Behavior\BuildLiteBehavior [ RunTime:0.000022s ]
INFO: [ app_init ] --END-- [ RunTime:0.000682s ]
ERR: 无法加载模块:Favicon

[ 2018-01-10T13:28:37+08:00 ] 127.0.0.1 /favicon.ico
INFO: [ app_init ] --START--
INFO: Run Behavior\BuildLiteBehavior [ RunTime:0.000020s ]
INFO: [ app_init ] --END-- [ RunTime:0.000630s ]
ERR: 无法加载模块:Favicon

[ 2018-01-10T14:21:58+08:00 ] 127.0.0.1 /alipay/return_url.php?total_amount=0.01&timestamp=2018-01-10+14%3A21%3A53&sign=YAFJZlgmI9S7yKsiffbqcA8AY%2BGktgqBx17n5z3%2FLxRRbyYcMuDqtINlYKDbm68BWss9ol8B%2FeS0kaRLhUP9XH31v9gLCD1HEmNh0Hs%2BoQJbLbCBrpE2NM63pgdZcHuEWC1s%2BViag02x8%2B5ZnOxawKhToTt6dAjAT3FPz4xNB9mY0U4PF%2BeSh1cD2R70F8T7Nb0Zj6jn8erOmfLE5BCcYeanFbu4CSNi%2FHJB41f5TDhSXw1ty3rx1HCHOjTX4OjBVqowwsqrlqcal3QVeSRgSP8USwOjbrp1Au4kBfM%2B1S%2FKSFH1j3sSBrTtGhNYJrL%2BGdIi8IYxAyx0XW7c3gPCAA%3D%3D&trade_no=2018011021001004840534525360&sign_type=RSA2&auth_app_id=2017120600413837&charset=UTF-8&seller_id=2088821544480831&method=alipay.trade.wap.pay.return&app_id=2017120600413837&out_trade_no=201811014216702&version=1.0
INFO: [ app_init ] --START--
INFO: Run Behavior\BuildLiteBehavior [ RunTime:0.000011s ]
INFO: [ app_init ] --END-- [ RunTime:0.000596s ]
ERR: 无法加载模块:Alipay

[ 2018-01-10T16:20:26+08:00 ] 127.0.0.1 /favicon.ico
INFO: [ app_init ] --START--
INFO: Run Behavior\BuildLiteBehavior [ RunTime:0.000012s ]
INFO: [ app_init ] --END-- [ RunTime:0.000582s ]
ERR: 无法加载模块:Favicon

[ 2018-01-10T16:20:29+08:00 ] 127.0.0.1 /favicon.ico
INFO: [ app_init ] --START--
INFO: Run Behavior\BuildLiteBehavior [ RunTime:0.000011s ]
INFO: [ app_init ] --END-- [ RunTime:0.000392s ]
ERR: 无法加载模块:Favicon

[ 2018-01-10T16:57:44+08:00 ] 127.0.0.1 /favicon.ico
INFO: [ app_init ] --START--
INFO: Run Behavior\BuildLiteBehavior [ RunTime:0.000021s ]
INFO: [ app_init ] --END-- [ RunTime:0.000780s ]
ERR: 无法加载模块:Favicon

[ 2018-01-10T17:01:11+08:00 ] 127.0.0.1 /Public/%E5%BE%AE%E4%BF%A1%E7%BC%B4%E8%B4%B9%E4%BF%AE%E6%94%B9%E7%89%88/fonts/mui.ttf
INFO: [ app_init ] --START--
INFO: Run Behavior\BuildLiteBehavior [ RunTime:0.000012s ]
INFO: [ app_init ] --END-- [ RunTime:0.000411s ]
ERR: 无法加载模块:Public

[ 2018-01-10T17:01:36+08:00 ] 127.0.0.1 /Public/Home//Public/Home/images/cbd.jpg
INFO: [ app_init ] --START--
INFO: Run Behavior\BuildLiteBehavior [ RunTime:0.000014s ]
INFO: [ app_init ] --END-- [ RunTime:0.000563s ]
ERR: 无法加载模块:Public

[ 2018-01-10T17:01:36+08:00 ] 127.0.0.1 /Public/%E5%BE%AE%E4%BF%A1%E7%BC%B4%E8%B4%B9%E4%BF%AE%E6%94%B9%E7%89%88/fonts/mui.ttf
INFO: [ app_init ] --START--
INFO: Run Behavior\BuildLiteBehavior [ RunTime:0.000021s ]
INFO: [ app_init ] --END-- [ RunTime:0.000780s ]
ERR: 无法加载模块:Public

[ 2018-01-10T17:02:32+08:00 ] 127.0.0.1 /Public/Home//Public/Home/images/cbd.jpg
INFO: [ app_init ] --START--
INFO: Run Behavior\BuildLiteBehavior [ RunTime:0.000053s ]
INFO: [ app_init ] --END-- [ RunTime:0.000799s ]
ERR: 无法加载模块:Public

[ 2018-01-10T17:02:32+08:00 ] 127.0.0.1 /Public/%E5%BE%AE%E4%BF%A1%E7%BC%B4%E8%B4%B9%E4%BF%AE%E6%94%B9%E7%89%88/fonts/mui.ttf
INFO: [ app_init ] --START--
INFO: Run Behavior\BuildLiteBehavior [ RunTime:0.000023s ]
INFO: [ app_init ] --END-- [ RunTime:0.000742s ]
ERR: 无法加载模块:Public

[ 2018-01-10T17:31:15+08:00 ] 127.0.0.1 /Public/Home//Public/Home/images/cbd.jpg
INFO: [ app_init ] --START--
INFO: Run Behavior\BuildLiteBehavior [ RunTime:0.000020s ]
INFO: [ app_init ] --END-- [ RunTime:0.000712s ]
ERR: 无法加载模块:Public

[ 2018-01-10T17:31:15+08:00 ] 127.0.0.1 /Public/%E5%BE%AE%E4%BF%A1%E7%BC%B4%E8%B4%B9%E4%BF%AE%E6%94%B9%E7%89%88/fonts/mui.ttf
INFO: [ app_init ] --START--
INFO: Run Behavior\BuildLiteBehavior [ RunTime:0.000012s ]
INFO: [ app_init ] --END-- [ RunTime:0.000447s ]
ERR: 无法加载模块:Public

[ 2018-01-10T17:34:58+08:00 ] 127.0.0.1 /favicon.ico
INFO: [ app_init ] --START--
INFO: Run Behavior\BuildLiteBehavior [ RunTime:0.000012s ]
INFO: [ app_init ] --END-- [ RunTime:0.000419s ]
ERR: 无法加载模块:Favicon

[ 2018-01-10T17:40:26+08:00 ] 127.0.0.1 /favicon.ico
INFO: [ app_init ] --START--
INFO: Run Behavior\BuildLiteBehavior [ RunTime:0.000020s ]
INFO: [ app_init ] --END-- [ RunTime:0.000620s ]
ERR: 无法加载模块:Favicon

[ 2018-01-10T17:40:31+08:00 ] 127.0.0.1 /favicon.ico
INFO: [ app_init ] --START--
INFO: Run Behavior\BuildLiteBehavior [ RunTime:0.000028s ]
INFO: [ app_init ] --END-- [ RunTime:0.000773s ]
ERR: 无法加载模块:Favicon

[ 2018-01-10T17:48:01+08:00 ] 127.0.0.1 /Public/%E5%BE%AE%E4%BF%A1%E7%BC%B4%E8%B4%B9%E4%BF%AE%E6%94%B9%E7%89%88/fonts/mui.ttf
INFO: [ app_init ] --START--
INFO: Run Behavior\BuildLiteBehavior [ RunTime:0.000012s ]
INFO: [ app_init ] --END-- [ RunTime:0.000428s ]
ERR: 无法加载模块:Public

[ 2018-01-10T17:48:02+08:00 ] 127.0.0.1 /Public/Home//Public/Home/images/cbd.jpg
INFO: [ app_init ] --START--
INFO: Run Behavior\BuildLiteBehavior [ RunTime:0.000020s ]
INFO: [ app_init ] --END-- [ RunTime:0.000897s ]
ERR: 无法加载模块:Public

[ 2018-01-10T17:49:13+08:00 ] 127.0.0.1 /Public/Home//Public/Home/images/cbd.jpg
INFO: [ app_init ] --START--
INFO: Run Behavior\BuildLiteBehavior [ RunTime:0.000012s ]
INFO: [ app_init ] --END-- [ RunTime:0.000534s ]
ERR: 无法加载模块:Public

[ 2018-01-10T17:49:13+08:00 ] 127.0.0.1 /Public/%E5%BE%AE%E4%BF%A1%E7%BC%B4%E8%B4%B9%E4%BF%AE%E6%94%B9%E7%89%88/fonts/mui.ttf
INFO: [ app_init ] --START--
INFO: Run Behavior\BuildLiteBehavior [ RunTime:0.000011s ]
INFO: [ app_init ] --END-- [ RunTime:0.000370s ]
ERR: 无法加载模块:Public

[ 2018-01-10T17:50:05+08:00 ] 127.0.0.1 /Public/Home//Public/Home/images/cbd.jpg
INFO: [ app_init ] --START--
INFO: Run Behavior\BuildLiteBehavior [ RunTime:0.000012s ]
INFO: [ app_init ] --END-- [ RunTime:0.000429s ]
ERR: 无法加载模块:Public

[ 2018-01-10T17:50:05+08:00 ] 127.0.0.1 /Public/%E5%BE%AE%E4%BF%A1%E7%BC%B4%E8%B4%B9%E4%BF%AE%E6%94%B9%E7%89%88/fonts/mui.ttf
INFO: [ app_init ] --START--
INFO: Run Behavior\BuildLiteBehavior [ RunTime:0.000012s ]
INFO: [ app_init ] --END-- [ RunTime:0.000421s ]
ERR: 无法加载模块:Public

[ 2018-01-10T17:50:06+08:00 ] 127.0.0.1 /Public/Home//Public/Home/images/cbd.jpg
INFO: [ app_init ] --START--
INFO: Run Behavior\BuildLiteBehavior [ RunTime:0.000021s ]
INFO: [ app_init ] --END-- [ RunTime:0.000716s ]
ERR: 无法加载模块:Public

[ 2018-01-10T17:50:06+08:00 ] 127.0.0.1 /Public/%E5%BE%AE%E4%BF%A1%E7%BC%B4%E8%B4%B9%E4%BF%AE%E6%94%B9%E7%89%88/fonts/mui.ttf
INFO: [ app_init ] --START--
INFO: Run Behavior\BuildLiteBehavior [ RunTime:0.000019s ]
INFO: [ app_init ] --END-- [ RunTime:0.000574s ]
ERR: 无法加载模块:Public

[ 2018-01-10T17:50:10+08:00 ] 127.0.0.1 /Public/Home//Public/Home/images/cbd.jpg
INFO: [ app_init ] --START--
INFO: Run Behavior\BuildLiteBehavior [ RunTime:0.000053s ]
INFO: [ app_init ] --END-- [ RunTime:0.001167s ]
ERR: 无法加载模块:Public

[ 2018-01-10T17:50:10+08:00 ] 127.0.0.1 /Public/%E5%BE%AE%E4%BF%A1%E7%BC%B4%E8%B4%B9%E4%BF%AE%E6%94%B9%E7%89%88/fonts/mui.ttf
INFO: [ app_init ] --START--
INFO: Run Behavior\BuildLiteBehavior [ RunTime:0.000012s ]
INFO: [ app_init ] --END-- [ RunTime:0.000435s ]
ERR: 无法加载模块:Public

[ 2018-01-10T17:51:10+08:00 ] 127.0.0.1 /Public/Home//Public/Home/images/cbd.jpg
INFO: [ app_init ] --START--
INFO: Run Behavior\BuildLiteBehavior [ RunTime:0.000017s ]
INFO: [ app_init ] --END-- [ RunTime:0.000449s ]
ERR: 无法加载模块:Public

[ 2018-01-10T17:51:10+08:00 ] 127.0.0.1 /Public/%E5%BE%AE%E4%BF%A1%E7%BC%B4%E8%B4%B9%E4%BF%AE%E6%94%B9%E7%89%88/fonts/mui.ttf
INFO: [ app_init ] --START--
INFO: Run Behavior\BuildLiteBehavior [ RunTime:0.000020s ]
INFO: [ app_init ] --END-- [ RunTime:0.000664s ]
ERR: 无法加载模块:Public

[ 2018-01-10T17:51:47+08:00 ] 127.0.0.1 /Public/Home//Public/Home/images/cbd.jpg
INFO: [ app_init ] --START--
INFO: Run Behavior\BuildLiteBehavior [ RunTime:0.000020s ]
INFO: [ app_init ] --END-- [ RunTime:0.000620s ]
ERR: 无法加载模块:Public

[ 2018-01-10T17:51:47+08:00 ] 127.0.0.1 /Public/%E5%BE%AE%E4%BF%A1%E7%BC%B4%E8%B4%B9%E4%BF%AE%E6%94%B9%E7%89%88/fonts/mui.ttf
INFO: [ app_init ] --START--
INFO: Run Behavior\BuildLiteBehavior [ RunTime:0.000012s ]
INFO: [ app_init ] --END-- [ RunTime:0.000402s ]
ERR: 无法加载模块:Public

[ 2018-01-10T17:51:48+08:00 ] 127.0.0.1 /Public/Home//Public/Home/images/cbd.jpg
INFO: [ app_init ] --START--
INFO: Run Behavior\BuildLiteBehavior [ RunTime:0.000021s ]
INFO: [ app_init ] --END-- [ RunTime:0.000683s ]
ERR: 无法加载模块:Public

[ 2018-01-10T17:51:48+08:00 ] 127.0.0.1 /Public/%E5%BE%AE%E4%BF%A1%E7%BC%B4%E8%B4%B9%E4%BF%AE%E6%94%B9%E7%89%88/fonts/mui.ttf
INFO: [ app_init ] --START--
INFO: Run Behavior\BuildLiteBehavior [ RunTime:0.000019s ]
INFO: [ app_init ] --END-- [ RunTime:0.000513s ]
ERR: 无法加载模块:Public

[ 2018-01-10T17:52:05+08:00 ] 127.0.0.1 /favicon.ico
INFO: [ app_init ] --START--
INFO: Run Behavior\BuildLiteBehavior [ RunTime:0.000012s ]
INFO: [ app_init ] --END-- [ RunTime:0.000370s ]
ERR: 无法加载模块:Favicon

[ 2018-01-10T17:52:28+08:00 ] 127.0.0.1 /favicon.ico
INFO: [ app_init ] --START--
INFO: Run Behavior\BuildLiteBehavior [ RunTime:0.000025s ]
INFO: [ app_init ] --END-- [ RunTime:0.000778s ]
ERR: 无法加载模块:Favicon

[ 2018-01-10T17:53:34+08:00 ] 127.0.0.1 /Public/Home//Public/Home/images/cbd.jpg
INFO: [ app_init ] --START--
INFO: Run Behavior\BuildLiteBehavior [ RunTime:0.000012s ]
INFO: [ app_init ] --END-- [ RunTime:0.000393s ]
ERR: 无法加载模块:Public

[ 2018-01-10T17:53:34+08:00 ] 127.0.0.1 /Public/%E5%BE%AE%E4%BF%A1%E7%BC%B4%E8%B4%B9%E4%BF%AE%E6%94%B9%E7%89%88/fonts/mui.ttf
INFO: [ app_init ] --START--
INFO: Run Behavior\BuildLiteBehavior [ RunTime:0.000019s ]
INFO: [ app_init ] --END-- [ RunTime:0.000633s ]
ERR: 无法加载模块:Public

[ 2018-01-10T17:53:48+08:00 ] 127.0.0.1 /Public/Home//Public/Home/images/cbd.jpg
INFO: [ app_init ] --START--
INFO: Run Behavior\BuildLiteBehavior [ RunTime:0.000012s ]
INFO: [ app_init ] --END-- [ RunTime:0.000473s ]
ERR: 无法加载模块:Public

[ 2018-01-10T17:53:48+08:00 ] 127.0.0.1 /Public/%E5%BE%AE%E4%BF%A1%E7%BC%B4%E8%B4%B9%E4%BF%AE%E6%94%B9%E7%89%88/fonts/mui.ttf
INFO: [ app_init ] --START--
INFO: Run Behavior\BuildLiteBehavior [ RunTime:0.000012s ]
INFO: [ app_init ] --END-- [ RunTime:0.000368s ]
ERR: 无法加载模块:Public

[ 2018-01-10T17:54:00+08:00 ] 127.0.0.1 /favicon.ico
INFO: [ app_init ] --START--
INFO: Run Behavior\BuildLiteBehavior [ RunTime:0.000014s ]
INFO: [ app_init ] --END-- [ RunTime:0.000474s ]
ERR: 无法加载模块:Favicon

[ 2018-01-10T17:54:19+08:00 ] 127.0.0.1 /Public/Home//Public/Home/images/cbd.jpg
INFO: [ app_init ] --START--
INFO: Run Behavior\BuildLiteBehavior [ RunTime:0.000020s ]
INFO: [ app_init ] --END-- [ RunTime:0.000683s ]
ERR: 无法加载模块:Public

[ 2018-01-10T17:54:19+08:00 ] 127.0.0.1 /Public/%E5%BE%AE%E4%BF%A1%E7%BC%B4%E8%B4%B9%E4%BF%AE%E6%94%B9%E7%89%88/fonts/mui.ttf
INFO: [ app_init ] --START--
INFO: Run Behavior\BuildLiteBehavior [ RunTime:0.000019s ]
INFO: [ app_init ] --END-- [ RunTime:0.000642s ]
ERR: 无法加载模块:Public

[ 2018-01-10T17:54:46+08:00 ] 127.0.0.1 /favicon.ico
INFO: [ app_init ] --START--
INFO: Run Behavior\BuildLiteBehavior [ RunTime:0.000011s ]
INFO: [ app_init ] --END-- [ RunTime:0.000351s ]
ERR: 无法加载模块:Favicon

[ 2018-01-10T17:54:47+08:00 ] 127.0.0.1 /favicon.ico
INFO: [ app_init ] --START--
INFO: Run Behavior\BuildLiteBehavior [ RunTime:0.000022s ]
INFO: [ app_init ] --END-- [ RunTime:0.000746s ]
ERR: 无法加载模块:Favicon

[ 2018-01-10T17:55:04+08:00 ] 127.0.0.1 /Public/Home//Public/Home/images/cbd.jpg
INFO: [ app_init ] --START--
INFO: Run Behavior\BuildLiteBehavior [ RunTime:0.000012s ]
INFO: [ app_init ] --END-- [ RunTime:0.000408s ]
ERR: 无法加载模块:Public

[ 2018-01-10T17:55:04+08:00 ] 127.0.0.1 /Public/%E5%BE%AE%E4%BF%A1%E7%BC%B4%E8%B4%B9%E4%BF%AE%E6%94%B9%E7%89%88/fonts/mui.ttf
INFO: [ app_init ] --START--
INFO: Run Behavior\BuildLiteBehavior [ RunTime:0.000021s ]
INFO: [ app_init ] --END-- [ RunTime:0.000865s ]
ERR: 无法加载模块:Public

[ 2018-01-10T18:10:49+08:00 ] 127.0.0.1 /favicon.ico
INFO: [ app_init ] --START--
INFO: Run Behavior\BuildLiteBehavior [ RunTime:0.000012s ]
INFO: [ app_init ] --END-- [ RunTime:0.000477s ]
ERR: 无法加载模块:Favicon

[ 2018-01-10T18:10:49+08:00 ] 127.0.0.1 /Public/Home//Public/Home/images/cbd.jpg
INFO: [ app_init ] --START--
INFO: Run Behavior\BuildLiteBehavior [ RunTime:0.000021s ]
INFO: [ app_init ] --END-- [ RunTime:0.000826s ]
ERR: 无法加载模块:Public

[ 2018-01-10T18:10:49+08:00 ] 127.0.0.1 /Public/%E5%BE%AE%E4%BF%A1%E7%BC%B4%E8%B4%B9%E4%BF%AE%E6%94%B9%E7%89%88/fonts/mui.ttf
INFO: [ app_init ] --START--
INFO: Run Behavior\BuildLiteBehavior [ RunTime:0.000031s ]
INFO: [ app_init ] --END-- [ RunTime:0.001052s ]
ERR: 无法加载模块:Public

[ 2018-01-10T18:11:24+08:00 ] 127.0.0.1 /Public/%C3%A5%C2%BE%C2%AE%C3%A4%C2%BF%C2%A1%C3%A7%C2%BC%C2%B4%C3%A8%C2%B4%C2%B9%C3%A4%C2%BF%C2%AE%C3%A6%E2%80%9D%C2%B9%C3%A7%E2%80%B0%CB%86/fonts/mui.ttf
INFO: [ app_init ] --START--
INFO: Run Behavior\BuildLiteBehavior [ RunTime:0.000019s ]
INFO: [ app_init ] --END-- [ RunTime:0.000665s ]
ERR: 无法加载模块:Public

